WDS CMS - 2011-10-14T00:00:17+07:00
DEBUG [7]: Zend_Controller_Router_Exception
Message: Route user_check is not defined
Stack trace: 18
#0
-- File: D:\JOB\AppServ\www\Zend\library\Zend\Controller\Router\Rewrite.php
-- Line: 469
-- Function: getRoute
-- Class: Zend_Controller_Router_Rewrite

#1
-- File: D:\JOB\AppServ\www\Zend\library\Zend\View\Helper\Url.php
-- Line: 49
-- Function: assemble
-- Class: Zend_Controller_Router_Rewrite

#2
-- File: 
-- Line: 
-- Function: url
-- Class: Zend_View_Helper_Url

#3
-- File: D:\JOB\AppServ\www\Zend\library\Zend\View\Abstract.php
-- Line: 350
-- Function: call_user_func_array
-- Class: 

#4
-- File: 
-- Line: 
-- Function: __call
-- Class: Zend_View_Abstract

#5
-- File: D:\JOB\AppServ\www\Zend\application\modules\admin\views\scripts\user\add.phtml
-- Line: 108
-- Function: url
-- Class: Zend_View

#6
-- File: D:\JOB\AppServ\www\Zend\library\Zend\View.php
-- Line: 108
-- Function: include
-- Class: 

#7
-- File: D:\JOB\AppServ\www\Zend\library\Zend\View\Abstract.php
-- Line: 888
-- Function: _run
-- Class: Zend_View

#8
-- File: D:\JOB\AppServ\www\Zend\library\Zend\Controller\Action\Helper\ViewRenderer.php
-- Line: 900
-- Function: render
-- Class: Zend_View_Abstract

#9
-- File: D:\JOB\AppServ\www\Zend\library\Zend\Controller\Action\Helper\ViewRenderer.php
-- Line: 921
-- Function: renderScript
-- Class: Zend_Controller_Action_Helper_ViewRenderer

#10
-- File: D:\JOB\AppServ\www\Zend\library\Zend\Controller\Action\Helper\ViewRenderer.php
-- Line: 960
-- Function: render
-- Class: Zend_Controller_Action_Helper_ViewRenderer

#11
-- File: D:\JOB\AppServ\www\Zend\library\Zend\Controller\Action\HelperBroker.php
-- Line: 277
-- Function: postDispatch
-- Class: Zend_Controller_Action_Helper_ViewRenderer

#12
-- File: D:\JOB\AppServ\www\Zend\library\Zend\Controller\Action.php
-- Line: 527
-- Function: notifyPostDispatch
-- Class: Zend_Controller_Action_HelperBroker

#13
-- File: D:\JOB\AppServ\www\Zend\library\Zend\Controller\Dispatcher\Standard.php
-- Line: 295
-- Function: dispatch
-- Class: Zend_Controller_Action

#14
-- File: D:\JOB\AppServ\www\Zend\library\Zend\Controller\Front.php
-- Line: 954
-- Function: dispatch
-- Class: Zend_Controller_Dispatcher_Standard

#15
-- File: D:\JOB\AppServ\www\Zend\library\Zend\Application\Bootstrap\Bootstrap.php
-- Line: 97
-- Function: dispatch
-- Class: Zend_Controller_Front

#16
-- File: D:\JOB\AppServ\www\Zend\library\Zend\Application.php
-- Line: 366
-- Function: run
-- Class: Zend_Application_Bootstrap_Bootstrap

#17
-- File: D:\JOB\AppServ\www\Zend\index.php
-- Line: 100
-- Function: run
-- Class: Zend_Application



WDS CMS - 2011-10-14T00:04:21+07:00
DEBUG [7]: Zend_Controller_Action_Exception (500) 
Message: Method "_request" does not exist and was not trapped in __call()
Stack trace: 8
#0
-- File: 
-- Line: 
-- Function: __call
-- Class: Zend_Controller_Action

#1
-- File: D:\JOB\AppServ\www\Zend\application\modules\admin\controllers\UserController.php
-- Line: 205
-- Function: _request
-- Class: Admin_UserController

#2
-- File: D:\JOB\AppServ\www\Zend\library\Zend\Controller\Action.php
-- Line: 516
-- Function: checkAction
-- Class: Admin_UserController

#3
-- File: D:\JOB\AppServ\www\Zend\library\Zend\Controller\Dispatcher\Standard.php
-- Line: 295
-- Function: dispatch
-- Class: Zend_Controller_Action

#4
-- File: D:\JOB\AppServ\www\Zend\library\Zend\Controller\Front.php
-- Line: 954
-- Function: dispatch
-- Class: Zend_Controller_Dispatcher_Standard

#5
-- File: D:\JOB\AppServ\www\Zend\library\Zend\Application\Bootstrap\Bootstrap.php
-- Line: 97
-- Function: dispatch
-- Class: Zend_Controller_Front

#6
-- File: D:\JOB\AppServ\www\Zend\library\Zend\Application.php
-- Line: 366
-- Function: run
-- Class: Zend_Application_Bootstrap_Bootstrap

#7
-- File: D:\JOB\AppServ\www\Zend\index.php
-- Line: 100
-- Function: run
-- Class: Zend_Application



WDS CMS - 2011-10-14T00:04:28+07:00
DEBUG [7]: Zend_Controller_Action_Exception (500) 
Message: Method "_request" does not exist and was not trapped in __call()
Stack trace: 8
#0
-- File: 
-- Line: 
-- Function: __call
-- Class: Zend_Controller_Action

#1
-- File: D:\JOB\AppServ\www\Zend\application\modules\admin\controllers\UserController.php
-- Line: 205
-- Function: _request
-- Class: Admin_UserController

#2
-- File: D:\JOB\AppServ\www\Zend\library\Zend\Controller\Action.php
-- Line: 516
-- Function: checkAction
-- Class: Admin_UserController

#3
-- File: D:\JOB\AppServ\www\Zend\library\Zend\Controller\Dispatcher\Standard.php
-- Line: 295
-- Function: dispatch
-- Class: Zend_Controller_Action

#4
-- File: D:\JOB\AppServ\www\Zend\library\Zend\Controller\Front.php
-- Line: 954
-- Function: dispatch
-- Class: Zend_Controller_Dispatcher_Standard

#5
-- File: D:\JOB\AppServ\www\Zend\library\Zend\Application\Bootstrap\Bootstrap.php
-- Line: 97
-- Function: dispatch
-- Class: Zend_Controller_Front

#6
-- File: D:\JOB\AppServ\www\Zend\library\Zend\Application.php
-- Line: 366
-- Function: run
-- Class: Zend_Application_Bootstrap_Bootstrap

#7
-- File: D:\JOB\AppServ\www\Zend\index.php
-- Line: 100
-- Function: run
-- Class: Zend_Application



WDS CMS - 2011-10-14T01:39:23+07:00
DEBUG [7]: Zend_Controller_Dispatcher_Exception
Message: Invalid controller specified (public)
Stack trace: 4
#0
-- File: D:\JOB\AppServ\www\Zend\library\Zend\Controller\Front.php
-- Line: 954
-- Function: dispatch
-- Class: Zend_Controller_Dispatcher_Standard

#1
-- File: D:\JOB\AppServ\www\Zend\library\Zend\Application\Bootstrap\Bootstrap.php
-- Line: 97
-- Function: dispatch
-- Class: Zend_Controller_Front

#2
-- File: D:\JOB\AppServ\www\Zend\library\Zend\Application.php
-- Line: 366
-- Function: run
-- Class: Zend_Application_Bootstrap_Bootstrap

#3
-- File: D:\JOB\AppServ\www\Zend\index.php
-- Line: 100
-- Function: run
-- Class: Zend_Application



WDS CMS - 2011-10-14T01:41:57+07:00
DEBUG [7]: Zend_Controller_Dispatcher_Exception
Message: Invalid controller specified (public)
Stack trace: 4
#0
-- File: D:\JOB\AppServ\www\Zend\library\Zend\Controller\Front.php
-- Line: 954
-- Function: dispatch
-- Class: Zend_Controller_Dispatcher_Standard

#1
-- File: D:\JOB\AppServ\www\Zend\library\Zend\Application\Bootstrap\Bootstrap.php
-- Line: 97
-- Function: dispatch
-- Class: Zend_Controller_Front

#2
-- File: D:\JOB\AppServ\www\Zend\library\Zend\Application.php
-- Line: 366
-- Function: run
-- Class: Zend_Application_Bootstrap_Bootstrap

#3
-- File: D:\JOB\AppServ\www\Zend\index.php
-- Line: 100
-- Function: run
-- Class: Zend_Application



WDS CMS - 2011-10-14T02:20:10+07:00
DEBUG [7]: Zend_Controller_Dispatcher_Exception
Message: Invalid controller specified (public)
Stack trace: 4
#0
-- File: D:\JOB\AppServ\www\Zend\library\Zend\Controller\Front.php
-- Line: 954
-- Function: dispatch
-- Class: Zend_Controller_Dispatcher_Standard

#1
-- File: D:\JOB\AppServ\www\Zend\library\Zend\Application\Bootstrap\Bootstrap.php
-- Line: 97
-- Function: dispatch
-- Class: Zend_Controller_Front

#2
-- File: D:\JOB\AppServ\www\Zend\library\Zend\Application.php
-- Line: 366
-- Function: run
-- Class: Zend_Application_Bootstrap_Bootstrap

#3
-- File: D:\JOB\AppServ\www\Zend\index.php
-- Line: 100
-- Function: run
-- Class: Zend_Application



WDS CMS - 2011-10-14T02:20:42+07:00
DEBUG [7]: Zend_Controller_Dispatcher_Exception
Message: Invalid controller specified (public)
Stack trace: 4
#0
-- File: D:\JOB\AppServ\www\Zend\library\Zend\Controller\Front.php
-- Line: 954
-- Function: dispatch
-- Class: Zend_Controller_Dispatcher_Standard

#1
-- File: D:\JOB\AppServ\www\Zend\library\Zend\Application\Bootstrap\Bootstrap.php
-- Line: 97
-- Function: dispatch
-- Class: Zend_Controller_Front

#2
-- File: D:\JOB\AppServ\www\Zend\library\Zend\Application.php
-- Line: 366
-- Function: run
-- Class: Zend_Application_Bootstrap_Bootstrap

#3
-- File: D:\JOB\AppServ\www\Zend\index.php
-- Line: 100
-- Function: run
-- Class: Zend_Application



WDS CMS - 2011-10-14T02:22:05+07:00
DEBUG [7]: Zend_Controller_Dispatcher_Exception
Message: Invalid controller specified (public)
Stack trace: 4
#0
-- File: D:\JOB\AppServ\www\Zend\library\Zend\Controller\Front.php
-- Line: 954
-- Function: dispatch
-- Class: Zend_Controller_Dispatcher_Standard

#1
-- File: D:\JOB\AppServ\www\Zend\library\Zend\Application\Bootstrap\Bootstrap.php
-- Line: 97
-- Function: dispatch
-- Class: Zend_Controller_Front

#2
-- File: D:\JOB\AppServ\www\Zend\library\Zend\Application.php
-- Line: 366
-- Function: run
-- Class: Zend_Application_Bootstrap_Bootstrap

#3
-- File: D:\JOB\AppServ\www\Zend\index.php
-- Line: 100
-- Function: run
-- Class: Zend_Application



WDS CMS - 2011-10-14T02:22:11+07:00
DEBUG [7]: Zend_Controller_Dispatcher_Exception
Message: Invalid controller specified (public)
Stack trace: 4
#0
-- File: D:\JOB\AppServ\www\Zend\library\Zend\Controller\Front.php
-- Line: 954
-- Function: dispatch
-- Class: Zend_Controller_Dispatcher_Standard

#1
-- File: D:\JOB\AppServ\www\Zend\library\Zend\Application\Bootstrap\Bootstrap.php
-- Line: 97
-- Function: dispatch
-- Class: Zend_Controller_Front

#2
-- File: D:\JOB\AppServ\www\Zend\library\Zend\Application.php
-- Line: 366
-- Function: run
-- Class: Zend_Application_Bootstrap_Bootstrap

#3
-- File: D:\JOB\AppServ\www\Zend\index.php
-- Line: 100
-- Function: run
-- Class: Zend_Application



WDS CMS - 2011-10-14T02:22:37+07:00
DEBUG [7]: Zend_Controller_Dispatcher_Exception
Message: Invalid controller specified (public)
Stack trace: 4
#0
-- File: D:\JOB\AppServ\www\Zend\library\Zend\Controller\Front.php
-- Line: 954
-- Function: dispatch
-- Class: Zend_Controller_Dispatcher_Standard

#1
-- File: D:\JOB\AppServ\www\Zend\library\Zend\Application\Bootstrap\Bootstrap.php
-- Line: 97
-- Function: dispatch
-- Class: Zend_Controller_Front

#2
-- File: D:\JOB\AppServ\www\Zend\library\Zend\Application.php
-- Line: 366
-- Function: run
-- Class: Zend_Application_Bootstrap_Bootstrap

#3
-- File: D:\JOB\AppServ\www\Zend\index.php
-- Line: 100
-- Function: run
-- Class: Zend_Application



WDS CMS - 2011-10-14T02:22:40+07:00
DEBUG [7]: Zend_Controller_Dispatcher_Exception
Message: Invalid controller specified (public)
Stack trace: 4
#0
-- File: D:\JOB\AppServ\www\Zend\library\Zend\Controller\Front.php
-- Line: 954
-- Function: dispatch
-- Class: Zend_Controller_Dispatcher_Standard

#1
-- File: D:\JOB\AppServ\www\Zend\library\Zend\Application\Bootstrap\Bootstrap.php
-- Line: 97
-- Function: dispatch
-- Class: Zend_Controller_Front

#2
-- File: D:\JOB\AppServ\www\Zend\library\Zend\Application.php
-- Line: 366
-- Function: run
-- Class: Zend_Application_Bootstrap_Bootstrap

#3
-- File: D:\JOB\AppServ\www\Zend\index.php
-- Line: 100
-- Function: run
-- Class: Zend_Application



WDS CMS - 2011-10-14T02:22:43+07:00
DEBUG [7]: Zend_Controller_Dispatcher_Exception
Message: Invalid controller specified (public)
Stack trace: 4
#0
-- File: D:\JOB\AppServ\www\Zend\library\Zend\Controller\Front.php
-- Line: 954
-- Function: dispatch
-- Class: Zend_Controller_Dispatcher_Standard

#1
-- File: D:\JOB\AppServ\www\Zend\library\Zend\Application\Bootstrap\Bootstrap.php
-- Line: 97
-- Function: dispatch
-- Class: Zend_Controller_Front

#2
-- File: D:\JOB\AppServ\www\Zend\library\Zend\Application.php
-- Line: 366
-- Function: run
-- Class: Zend_Application_Bootstrap_Bootstrap

#3
-- File: D:\JOB\AppServ\www\Zend\index.php
-- Line: 100
-- Function: run
-- Class: Zend_Application



WDS CMS - 2011-10-14T02:22:47+07:00
DEBUG [7]: Zend_Controller_Dispatcher_Exception
Message: Invalid controller specified (public)
Stack trace: 4
#0
-- File: D:\JOB\AppServ\www\Zend\library\Zend\Controller\Front.php
-- Line: 954
-- Function: dispatch
-- Class: Zend_Controller_Dispatcher_Standard

#1
-- File: D:\JOB\AppServ\www\Zend\library\Zend\Application\Bootstrap\Bootstrap.php
-- Line: 97
-- Function: dispatch
-- Class: Zend_Controller_Front

#2
-- File: D:\JOB\AppServ\www\Zend\library\Zend\Application.php
-- Line: 366
-- Function: run
-- Class: Zend_Application_Bootstrap_Bootstrap

#3
-- File: D:\JOB\AppServ\www\Zend\index.php
-- Line: 100
-- Function: run
-- Class: Zend_Application



WDS CMS - 2011-10-14T02:22:48+07:00
DEBUG [7]: Zend_Controller_Dispatcher_Exception
Message: Invalid controller specified (public)
Stack trace: 4
#0
-- File: D:\JOB\AppServ\www\Zend\library\Zend\Controller\Front.php
-- Line: 954
-- Function: dispatch
-- Class: Zend_Controller_Dispatcher_Standard

#1
-- File: D:\JOB\AppServ\www\Zend\library\Zend\Application\Bootstrap\Bootstrap.php
-- Line: 97
-- Function: dispatch
-- Class: Zend_Controller_Front

#2
-- File: D:\JOB\AppServ\www\Zend\library\Zend\Application.php
-- Line: 366
-- Function: run
-- Class: Zend_Application_Bootstrap_Bootstrap

#3
-- File: D:\JOB\AppServ\www\Zend\index.php
-- Line: 100
-- Function: run
-- Class: Zend_Application



WDS CMS - 2011-10-14T02:24:21+07:00
DEBUG [7]: Zend_Controller_Dispatcher_Exception
Message: Invalid controller specified (public)
Stack trace: 4
#0
-- File: D:\JOB\AppServ\www\Zend\library\Zend\Controller\Front.php
-- Line: 954
-- Function: dispatch
-- Class: Zend_Controller_Dispatcher_Standard

#1
-- File: D:\JOB\AppServ\www\Zend\library\Zend\Application\Bootstrap\Bootstrap.php
-- Line: 97
-- Function: dispatch
-- Class: Zend_Controller_Front

#2
-- File: D:\JOB\AppServ\www\Zend\library\Zend\Application.php
-- Line: 366
-- Function: run
-- Class: Zend_Application_Bootstrap_Bootstrap

#3
-- File: D:\JOB\AppServ\www\Zend\index.php
-- Line: 100
-- Function: run
-- Class: Zend_Application



WDS CMS - 2011-10-14T02:24:35+07:00
DEBUG [7]: Zend_Controller_Dispatcher_Exception
Message: Invalid controller specified (public)
Stack trace: 4
#0
-- File: D:\JOB\AppServ\www\Zend\library\Zend\Controller\Front.php
-- Line: 954
-- Function: dispatch
-- Class: Zend_Controller_Dispatcher_Standard

#1
-- File: D:\JOB\AppServ\www\Zend\library\Zend\Application\Bootstrap\Bootstrap.php
-- Line: 97
-- Function: dispatch
-- Class: Zend_Controller_Front

#2
-- File: D:\JOB\AppServ\www\Zend\library\Zend\Application.php
-- Line: 366
-- Function: run
-- Class: Zend_Application_Bootstrap_Bootstrap

#3
-- File: D:\JOB\AppServ\www\Zend\index.php
-- Line: 100
-- Function: run
-- Class: Zend_Application



WDS CMS - 2011-10-14T02:24:45+07:00
DEBUG [7]: Zend_Controller_Dispatcher_Exception
Message: Invalid controller specified (public)
Stack trace: 4
#0
-- File: D:\JOB\AppServ\www\Zend\library\Zend\Controller\Front.php
-- Line: 954
-- Function: dispatch
-- Class: Zend_Controller_Dispatcher_Standard

#1
-- File: D:\JOB\AppServ\www\Zend\library\Zend\Application\Bootstrap\Bootstrap.php
-- Line: 97
-- Function: dispatch
-- Class: Zend_Controller_Front

#2
-- File: D:\JOB\AppServ\www\Zend\library\Zend\Application.php
-- Line: 366
-- Function: run
-- Class: Zend_Application_Bootstrap_Bootstrap

#3
-- File: D:\JOB\AppServ\www\Zend\index.php
-- Line: 100
-- Function: run
-- Class: Zend_Application



WDS CMS - 2011-10-14T02:24:47+07:00
DEBUG [7]: Zend_Controller_Dispatcher_Exception
Message: Invalid controller specified (public)
Stack trace: 4
#0
-- File: D:\JOB\AppServ\www\Zend\library\Zend\Controller\Front.php
-- Line: 954
-- Function: dispatch
-- Class: Zend_Controller_Dispatcher_Standard

#1
-- File: D:\JOB\AppServ\www\Zend\library\Zend\Application\Bootstrap\Bootstrap.php
-- Line: 97
-- Function: dispatch
-- Class: Zend_Controller_Front

#2
-- File: D:\JOB\AppServ\www\Zend\library\Zend\Application.php
-- Line: 366
-- Function: run
-- Class: Zend_Application_Bootstrap_Bootstrap

#3
-- File: D:\JOB\AppServ\www\Zend\index.php
-- Line: 100
-- Function: run
-- Class: Zend_Application



WDS CMS - 2011-10-14T02:26:21+07:00
DEBUG [7]: Zend_Controller_Dispatcher_Exception
Message: Invalid controller specified (public)
Stack trace: 4
#0
-- File: D:\JOB\AppServ\www\Zend\library\Zend\Controller\Front.php
-- Line: 954
-- Function: dispatch
-- Class: Zend_Controller_Dispatcher_Standard

#1
-- File: D:\JOB\AppServ\www\Zend\library\Zend\Application\Bootstrap\Bootstrap.php
-- Line: 97
-- Function: dispatch
-- Class: Zend_Controller_Front

#2
-- File: D:\JOB\AppServ\www\Zend\library\Zend\Application.php
-- Line: 366
-- Function: run
-- Class: Zend_Application_Bootstrap_Bootstrap

#3
-- File: D:\JOB\AppServ\www\Zend\index.php
-- Line: 100
-- Function: run
-- Class: Zend_Application



WDS CMS - 2011-10-14T02:26:24+07:00
DEBUG [7]: Zend_Controller_Dispatcher_Exception
Message: Invalid controller specified (public)
Stack trace: 4
#0
-- File: D:\JOB\AppServ\www\Zend\library\Zend\Controller\Front.php
-- Line: 954
-- Function: dispatch
-- Class: Zend_Controller_Dispatcher_Standard

#1
-- File: D:\JOB\AppServ\www\Zend\library\Zend\Application\Bootstrap\Bootstrap.php
-- Line: 97
-- Function: dispatch
-- Class: Zend_Controller_Front

#2
-- File: D:\JOB\AppServ\www\Zend\library\Zend\Application.php
-- Line: 366
-- Function: run
-- Class: Zend_Application_Bootstrap_Bootstrap

#3
-- File: D:\JOB\AppServ\www\Zend\index.php
-- Line: 100
-- Function: run
-- Class: Zend_Application



WDS CMS - 2011-10-14T02:27:03+07:00
DEBUG [7]: Zend_Controller_Dispatcher_Exception
Message: Invalid controller specified (public)
Stack trace: 4
#0
-- File: D:\JOB\AppServ\www\Zend\library\Zend\Controller\Front.php
-- Line: 954
-- Function: dispatch
-- Class: Zend_Controller_Dispatcher_Standard

#1
-- File: D:\JOB\AppServ\www\Zend\library\Zend\Application\Bootstrap\Bootstrap.php
-- Line: 97
-- Function: dispatch
-- Class: Zend_Controller_Front

#2
-- File: D:\JOB\AppServ\www\Zend\library\Zend\Application.php
-- Line: 366
-- Function: run
-- Class: Zend_Application_Bootstrap_Bootstrap

#3
-- File: D:\JOB\AppServ\www\Zend\index.php
-- Line: 100
-- Function: run
-- Class: Zend_Application



WDS CMS - 2011-10-14T02:27:45+07:00
DEBUG [7]: Zend_Controller_Dispatcher_Exception
Message: Invalid controller specified (public)
Stack trace: 4
#0
-- File: D:\JOB\AppServ\www\Zend\library\Zend\Controller\Front.php
-- Line: 954
-- Function: dispatch
-- Class: Zend_Controller_Dispatcher_Standard

#1
-- File: D:\JOB\AppServ\www\Zend\library\Zend\Application\Bootstrap\Bootstrap.php
-- Line: 97
-- Function: dispatch
-- Class: Zend_Controller_Front

#2
-- File: D:\JOB\AppServ\www\Zend\library\Zend\Application.php
-- Line: 366
-- Function: run
-- Class: Zend_Application_Bootstrap_Bootstrap

#3
-- File: D:\JOB\AppServ\www\Zend\index.php
-- Line: 100
-- Function: run
-- Class: Zend_Application



WDS CMS - 2011-10-14T02:27:48+07:00
DEBUG [7]: Zend_Controller_Dispatcher_Exception
Message: Invalid controller specified (public)
Stack trace: 4
#0
-- File: D:\JOB\AppServ\www\Zend\library\Zend\Controller\Front.php
-- Line: 954
-- Function: dispatch
-- Class: Zend_Controller_Dispatcher_Standard

#1
-- File: D:\JOB\AppServ\www\Zend\library\Zend\Application\Bootstrap\Bootstrap.php
-- Line: 97
-- Function: dispatch
-- Class: Zend_Controller_Front

#2
-- File: D:\JOB\AppServ\www\Zend\library\Zend\Application.php
-- Line: 366
-- Function: run
-- Class: Zend_Application_Bootstrap_Bootstrap

#3
-- File: D:\JOB\AppServ\www\Zend\index.php
-- Line: 100
-- Function: run
-- Class: Zend_Application



WDS CMS - 2011-10-14T02:27:50+07:00
DEBUG [7]: Zend_Controller_Dispatcher_Exception
Message: Invalid controller specified (public)
Stack trace: 4
#0
-- File: D:\JOB\AppServ\www\Zend\library\Zend\Controller\Front.php
-- Line: 954
-- Function: dispatch
-- Class: Zend_Controller_Dispatcher_Standard

#1
-- File: D:\JOB\AppServ\www\Zend\library\Zend\Application\Bootstrap\Bootstrap.php
-- Line: 97
-- Function: dispatch
-- Class: Zend_Controller_Front

#2
-- File: D:\JOB\AppServ\www\Zend\library\Zend\Application.php
-- Line: 366
-- Function: run
-- Class: Zend_Application_Bootstrap_Bootstrap

#3
-- File: D:\JOB\AppServ\www\Zend\index.php
-- Line: 100
-- Function: run
-- Class: Zend_Application



WDS CMS - 2011-10-14T02:27:52+07:00
DEBUG [7]: Zend_Controller_Dispatcher_Exception
Message: Invalid controller specified (public)
Stack trace: 4
#0
-- File: D:\JOB\AppServ\www\Zend\library\Zend\Controller\Front.php
-- Line: 954
-- Function: dispatch
-- Class: Zend_Controller_Dispatcher_Standard

#1
-- File: D:\JOB\AppServ\www\Zend\library\Zend\Application\Bootstrap\Bootstrap.php
-- Line: 97
-- Function: dispatch
-- Class: Zend_Controller_Front

#2
-- File: D:\JOB\AppServ\www\Zend\library\Zend\Application.php
-- Line: 366
-- Function: run
-- Class: Zend_Application_Bootstrap_Bootstrap

#3
-- File: D:\JOB\AppServ\www\Zend\index.php
-- Line: 100
-- Function: run
-- Class: Zend_Application



WDS CMS - 2011-10-14T02:28:23+07:00
DEBUG [7]: Zend_Controller_Dispatcher_Exception
Message: Invalid controller specified (public)
Stack trace: 4
#0
-- File: D:\JOB\AppServ\www\Zend\library\Zend\Controller\Front.php
-- Line: 954
-- Function: dispatch
-- Class: Zend_Controller_Dispatcher_Standard

#1
-- File: D:\JOB\AppServ\www\Zend\library\Zend\Application\Bootstrap\Bootstrap.php
-- Line: 97
-- Function: dispatch
-- Class: Zend_Controller_Front

#2
-- File: D:\JOB\AppServ\www\Zend\library\Zend\Application.php
-- Line: 366
-- Function: run
-- Class: Zend_Application_Bootstrap_Bootstrap

#3
-- File: D:\JOB\AppServ\www\Zend\index.php
-- Line: 100
-- Function: run
-- Class: Zend_Application



WDS CMS - 2011-10-14T02:28:24+07:00
DEBUG [7]: Zend_Controller_Dispatcher_Exception
Message: Invalid controller specified (public)
Stack trace: 4
#0
-- File: D:\JOB\AppServ\www\Zend\library\Zend\Controller\Front.php
-- Line: 954
-- Function: dispatch
-- Class: Zend_Controller_Dispatcher_Standard

#1
-- File: D:\JOB\AppServ\www\Zend\library\Zend\Application\Bootstrap\Bootstrap.php
-- Line: 97
-- Function: dispatch
-- Class: Zend_Controller_Front

#2
-- File: D:\JOB\AppServ\www\Zend\library\Zend\Application.php
-- Line: 366
-- Function: run
-- Class: Zend_Application_Bootstrap_Bootstrap

#3
-- File: D:\JOB\AppServ\www\Zend\index.php
-- Line: 100
-- Function: run
-- Class: Zend_Application



WDS CMS - 2011-10-14T02:28:27+07:00
DEBUG [7]: Zend_Controller_Dispatcher_Exception
Message: Invalid controller specified (public)
Stack trace: 4
#0
-- File: D:\JOB\AppServ\www\Zend\library\Zend\Controller\Front.php
-- Line: 954
-- Function: dispatch
-- Class: Zend_Controller_Dispatcher_Standard

#1
-- File: D:\JOB\AppServ\www\Zend\library\Zend\Application\Bootstrap\Bootstrap.php
-- Line: 97
-- Function: dispatch
-- Class: Zend_Controller_Front

#2
-- File: D:\JOB\AppServ\www\Zend\library\Zend\Application.php
-- Line: 366
-- Function: run
-- Class: Zend_Application_Bootstrap_Bootstrap

#3
-- File: D:\JOB\AppServ\www\Zend\index.php
-- Line: 100
-- Function: run
-- Class: Zend_Application



WDS CMS - 2011-10-14T02:30:14+07:00
DEBUG [7]: Zend_Controller_Dispatcher_Exception
Message: Invalid controller specified (public)
Stack trace: 4
#0
-- File: D:\JOB\AppServ\www\Zend\library\Zend\Controller\Front.php
-- Line: 954
-- Function: dispatch
-- Class: Zend_Controller_Dispatcher_Standard

#1
-- File: D:\JOB\AppServ\www\Zend\library\Zend\Application\Bootstrap\Bootstrap.php
-- Line: 97
-- Function: dispatch
-- Class: Zend_Controller_Front

#2
-- File: D:\JOB\AppServ\www\Zend\library\Zend\Application.php
-- Line: 366
-- Function: run
-- Class: Zend_Application_Bootstrap_Bootstrap

#3
-- File: D:\JOB\AppServ\www\Zend\index.php
-- Line: 100
-- Function: run
-- Class: Zend_Application



WDS CMS - 2011-10-14T02:30:52+07:00
DEBUG [7]: Zend_Controller_Dispatcher_Exception
Message: Invalid controller specified (public)
Stack trace: 4
#0
-- File: D:\JOB\AppServ\www\Zend\library\Zend\Controller\Front.php
-- Line: 954
-- Function: dispatch
-- Class: Zend_Controller_Dispatcher_Standard

#1
-- File: D:\JOB\AppServ\www\Zend\library\Zend\Application\Bootstrap\Bootstrap.php
-- Line: 97
-- Function: dispatch
-- Class: Zend_Controller_Front

#2
-- File: D:\JOB\AppServ\www\Zend\library\Zend\Application.php
-- Line: 366
-- Function: run
-- Class: Zend_Application_Bootstrap_Bootstrap

#3
-- File: D:\JOB\AppServ\www\Zend\index.php
-- Line: 100
-- Function: run
-- Class: Zend_Application



WDS CMS - 2011-10-14T02:31:03+07:00
DEBUG [7]: Zend_Controller_Dispatcher_Exception
Message: Invalid controller specified (public)
Stack trace: 4
#0
-- File: D:\JOB\AppServ\www\Zend\library\Zend\Controller\Front.php
-- Line: 954
-- Function: dispatch
-- Class: Zend_Controller_Dispatcher_Standard

#1
-- File: D:\JOB\AppServ\www\Zend\library\Zend\Application\Bootstrap\Bootstrap.php
-- Line: 97
-- Function: dispatch
-- Class: Zend_Controller_Front

#2
-- File: D:\JOB\AppServ\www\Zend\library\Zend\Application.php
-- Line: 366
-- Function: run
-- Class: Zend_Application_Bootstrap_Bootstrap

#3
-- File: D:\JOB\AppServ\www\Zend\index.php
-- Line: 100
-- Function: run
-- Class: Zend_Application



WDS CMS - 2011-10-14T02:32:04+07:00
DEBUG [7]: Zend_Controller_Dispatcher_Exception
Message: Invalid controller specified (public)
Stack trace: 4
#0
-- File: D:\JOB\AppServ\www\Zend\library\Zend\Controller\Front.php
-- Line: 954
-- Function: dispatch
-- Class: Zend_Controller_Dispatcher_Standard

#1
-- File: D:\JOB\AppServ\www\Zend\library\Zend\Application\Bootstrap\Bootstrap.php
-- Line: 97
-- Function: dispatch
-- Class: Zend_Controller_Front

#2
-- File: D:\JOB\AppServ\www\Zend\library\Zend\Application.php
-- Line: 366
-- Function: run
-- Class: Zend_Application_Bootstrap_Bootstrap

#3
-- File: D:\JOB\AppServ\www\Zend\index.php
-- Line: 100
-- Function: run
-- Class: Zend_Application



WDS CMS - 2011-10-14T02:32:22+07:00
DEBUG [7]: Zend_Controller_Dispatcher_Exception
Message: Invalid controller specified (public)
Stack trace: 4
#0
-- File: D:\JOB\AppServ\www\Zend\library\Zend\Controller\Front.php
-- Line: 954
-- Function: dispatch
-- Class: Zend_Controller_Dispatcher_Standard

#1
-- File: D:\JOB\AppServ\www\Zend\library\Zend\Application\Bootstrap\Bootstrap.php
-- Line: 97
-- Function: dispatch
-- Class: Zend_Controller_Front

#2
-- File: D:\JOB\AppServ\www\Zend\library\Zend\Application.php
-- Line: 366
-- Function: run
-- Class: Zend_Application_Bootstrap_Bootstrap

#3
-- File: D:\JOB\AppServ\www\Zend\index.php
-- Line: 100
-- Function: run
-- Class: Zend_Application



WDS CMS - 2011-10-14T02:32:24+07:00
DEBUG [7]: Zend_Controller_Dispatcher_Exception
Message: Invalid controller specified (public)
Stack trace: 4
#0
-- File: D:\JOB\AppServ\www\Zend\library\Zend\Controller\Front.php
-- Line: 954
-- Function: dispatch
-- Class: Zend_Controller_Dispatcher_Standard

#1
-- File: D:\JOB\AppServ\www\Zend\library\Zend\Application\Bootstrap\Bootstrap.php
-- Line: 97
-- Function: dispatch
-- Class: Zend_Controller_Front

#2
-- File: D:\JOB\AppServ\www\Zend\library\Zend\Application.php
-- Line: 366
-- Function: run
-- Class: Zend_Application_Bootstrap_Bootstrap

#3
-- File: D:\JOB\AppServ\www\Zend\index.php
-- Line: 100
-- Function: run
-- Class: Zend_Application



WDS CMS - 2011-10-14T02:32:27+07:00
DEBUG [7]: Zend_Controller_Dispatcher_Exception
Message: Invalid controller specified (public)
Stack trace: 4
#0
-- File: D:\JOB\AppServ\www\Zend\library\Zend\Controller\Front.php
-- Line: 954
-- Function: dispatch
-- Class: Zend_Controller_Dispatcher_Standard

#1
-- File: D:\JOB\AppServ\www\Zend\library\Zend\Application\Bootstrap\Bootstrap.php
-- Line: 97
-- Function: dispatch
-- Class: Zend_Controller_Front

#2
-- File: D:\JOB\AppServ\www\Zend\library\Zend\Application.php
-- Line: 366
-- Function: run
-- Class: Zend_Application_Bootstrap_Bootstrap

#3
-- File: D:\JOB\AppServ\www\Zend\index.php
-- Line: 100
-- Function: run
-- Class: Zend_Application



WDS CMS - 2011-10-14T02:32:47+07:00
DEBUG [7]: Zend_Controller_Dispatcher_Exception
Message: Invalid controller specified (public)
Stack trace: 4
#0
-- File: D:\JOB\AppServ\www\Zend\library\Zend\Controller\Front.php
-- Line: 954
-- Function: dispatch
-- Class: Zend_Controller_Dispatcher_Standard

#1
-- File: D:\JOB\AppServ\www\Zend\library\Zend\Application\Bootstrap\Bootstrap.php
-- Line: 97
-- Function: dispatch
-- Class: Zend_Controller_Front

#2
-- File: D:\JOB\AppServ\www\Zend\library\Zend\Application.php
-- Line: 366
-- Function: run
-- Class: Zend_Application_Bootstrap_Bootstrap

#3
-- File: D:\JOB\AppServ\www\Zend\index.php
-- Line: 100
-- Function: run
-- Class: Zend_Application



WDS CMS - 2011-10-14T02:32:48+07:00
DEBUG [7]: Zend_Controller_Dispatcher_Exception
Message: Invalid controller specified (public)
Stack trace: 4
#0
-- File: D:\JOB\AppServ\www\Zend\library\Zend\Controller\Front.php
-- Line: 954
-- Function: dispatch
-- Class: Zend_Controller_Dispatcher_Standard

#1
-- File: D:\JOB\AppServ\www\Zend\library\Zend\Application\Bootstrap\Bootstrap.php
-- Line: 97
-- Function: dispatch
-- Class: Zend_Controller_Front

#2
-- File: D:\JOB\AppServ\www\Zend\library\Zend\Application.php
-- Line: 366
-- Function: run
-- Class: Zend_Application_Bootstrap_Bootstrap

#3
-- File: D:\JOB\AppServ\www\Zend\index.php
-- Line: 100
-- Function: run
-- Class: Zend_Application



WDS CMS - 2011-10-14T02:33:12+07:00
DEBUG [7]: Zend_Controller_Dispatcher_Exception
Message: Invalid controller specified (public)
Stack trace: 4
#0
-- File: D:\JOB\AppServ\www\Zend\library\Zend\Controller\Front.php
-- Line: 954
-- Function: dispatch
-- Class: Zend_Controller_Dispatcher_Standard

#1
-- File: D:\JOB\AppServ\www\Zend\library\Zend\Application\Bootstrap\Bootstrap.php
-- Line: 97
-- Function: dispatch
-- Class: Zend_Controller_Front

#2
-- File: D:\JOB\AppServ\www\Zend\library\Zend\Application.php
-- Line: 366
-- Function: run
-- Class: Zend_Application_Bootstrap_Bootstrap

#3
-- File: D:\JOB\AppServ\www\Zend\index.php
-- Line: 100
-- Function: run
-- Class: Zend_Application



WDS CMS - 2011-10-14T02:33:15+07:00
DEBUG [7]: Zend_Controller_Dispatcher_Exception
Message: Invalid controller specified (public)
Stack trace: 4
#0
-- File: D:\JOB\AppServ\www\Zend\library\Zend\Controller\Front.php
-- Line: 954
-- Function: dispatch
-- Class: Zend_Controller_Dispatcher_Standard

#1
-- File: D:\JOB\AppServ\www\Zend\library\Zend\Application\Bootstrap\Bootstrap.php
-- Line: 97
-- Function: dispatch
-- Class: Zend_Controller_Front

#2
-- File: D:\JOB\AppServ\www\Zend\library\Zend\Application.php
-- Line: 366
-- Function: run
-- Class: Zend_Application_Bootstrap_Bootstrap

#3
-- File: D:\JOB\AppServ\www\Zend\index.php
-- Line: 100
-- Function: run
-- Class: Zend_Application



WDS CMS - 2011-10-14T02:33:18+07:00
DEBUG [7]: Zend_Controller_Dispatcher_Exception
Message: Invalid controller specified (public)
Stack trace: 4
#0
-- File: D:\JOB\AppServ\www\Zend\library\Zend\Controller\Front.php
-- Line: 954
-- Function: dispatch
-- Class: Zend_Controller_Dispatcher_Standard

#1
-- File: D:\JOB\AppServ\www\Zend\library\Zend\Application\Bootstrap\Bootstrap.php
-- Line: 97
-- Function: dispatch
-- Class: Zend_Controller_Front

#2
-- File: D:\JOB\AppServ\www\Zend\library\Zend\Application.php
-- Line: 366
-- Function: run
-- Class: Zend_Application_Bootstrap_Bootstrap

#3
-- File: D:\JOB\AppServ\www\Zend\index.php
-- Line: 100
-- Function: run
-- Class: Zend_Application



WDS CMS - 2011-10-14T02:34:20+07:00
DEBUG [7]: Zend_Controller_Dispatcher_Exception
Message: Invalid controller specified (public)
Stack trace: 4
#0
-- File: D:\JOB\AppServ\www\Zend\library\Zend\Controller\Front.php
-- Line: 954
-- Function: dispatch
-- Class: Zend_Controller_Dispatcher_Standard

#1
-- File: D:\JOB\AppServ\www\Zend\library\Zend\Application\Bootstrap\Bootstrap.php
-- Line: 97
-- Function: dispatch
-- Class: Zend_Controller_Front

#2
-- File: D:\JOB\AppServ\www\Zend\library\Zend\Application.php
-- Line: 366
-- Function: run
-- Class: Zend_Application_Bootstrap_Bootstrap

#3
-- File: D:\JOB\AppServ\www\Zend\index.php
-- Line: 100
-- Function: run
-- Class: Zend_Application



WDS CMS - 2011-10-14T02:34:22+07:00
DEBUG [7]: Zend_Controller_Dispatcher_Exception
Message: Invalid controller specified (public)
Stack trace: 4
#0
-- File: D:\JOB\AppServ\www\Zend\library\Zend\Controller\Front.php
-- Line: 954
-- Function: dispatch
-- Class: Zend_Controller_Dispatcher_Standard

#1
-- File: D:\JOB\AppServ\www\Zend\library\Zend\Application\Bootstrap\Bootstrap.php
-- Line: 97
-- Function: dispatch
-- Class: Zend_Controller_Front

#2
-- File: D:\JOB\AppServ\www\Zend\library\Zend\Application.php
-- Line: 366
-- Function: run
-- Class: Zend_Application_Bootstrap_Bootstrap

#3
-- File: D:\JOB\AppServ\www\Zend\index.php
-- Line: 100
-- Function: run
-- Class: Zend_Application



WDS CMS - 2011-10-14T02:34:41+07:00
DEBUG [7]: Zend_Controller_Dispatcher_Exception
Message: Invalid controller specified (public)
Stack trace: 4
#0
-- File: D:\JOB\AppServ\www\Zend\library\Zend\Controller\Front.php
-- Line: 954
-- Function: dispatch
-- Class: Zend_Controller_Dispatcher_Standard

#1
-- File: D:\JOB\AppServ\www\Zend\library\Zend\Application\Bootstrap\Bootstrap.php
-- Line: 97
-- Function: dispatch
-- Class: Zend_Controller_Front

#2
-- File: D:\JOB\AppServ\www\Zend\library\Zend\Application.php
-- Line: 366
-- Function: run
-- Class: Zend_Application_Bootstrap_Bootstrap

#3
-- File: D:\JOB\AppServ\www\Zend\index.php
-- Line: 100
-- Function: run
-- Class: Zend_Application



WDS CMS - 2011-10-14T03:12:24+07:00
DEBUG [7]: Zend_Controller_Dispatcher_Exception
Message: Invalid controller specified (public)
Stack trace: 4
#0
-- File: D:\JOB\AppServ\www\Zend\library\Zend\Controller\Front.php
-- Line: 954
-- Function: dispatch
-- Class: Zend_Controller_Dispatcher_Standard

#1
-- File: D:\JOB\AppServ\www\Zend\library\Zend\Application\Bootstrap\Bootstrap.php
-- Line: 97
-- Function: dispatch
-- Class: Zend_Controller_Front

#2
-- File: D:\JOB\AppServ\www\Zend\library\Zend\Application.php
-- Line: 366
-- Function: run
-- Class: Zend_Application_Bootstrap_Bootstrap

#3
-- File: D:\JOB\AppServ\www\Zend\index.php
-- Line: 100
-- Function: run
-- Class: Zend_Application



WDS CMS - 2011-10-14T03:23:08+07:00
DEBUG [7]: Zend_Controller_Dispatcher_Exception
Message: Invalid controller specified (public)
Stack trace: 4
#0
-- File: D:\JOB\AppServ\www\Zend\library\Zend\Controller\Front.php
-- Line: 954
-- Function: dispatch
-- Class: Zend_Controller_Dispatcher_Standard

#1
-- File: D:\JOB\AppServ\www\Zend\library\Zend\Application\Bootstrap\Bootstrap.php
-- Line: 97
-- Function: dispatch
-- Class: Zend_Controller_Front

#2
-- File: D:\JOB\AppServ\www\Zend\library\Zend\Application.php
-- Line: 366
-- Function: run
-- Class: Zend_Application_Bootstrap_Bootstrap

#3
-- File: D:\JOB\AppServ\www\Zend\index.php
-- Line: 100
-- Function: run
-- Class: Zend_Application



WDS CMS - 2011-10-14T03:29:48+07:00
DEBUG [7]: Zend_Controller_Dispatcher_Exception
Message: Invalid controller specified (public)
Stack trace: 4
#0
-- File: D:\JOB\AppServ\www\Zend\library\Zend\Controller\Front.php
-- Line: 954
-- Function: dispatch
-- Class: Zend_Controller_Dispatcher_Standard

#1
-- File: D:\JOB\AppServ\www\Zend\library\Zend\Application\Bootstrap\Bootstrap.php
-- Line: 97
-- Function: dispatch
-- Class: Zend_Controller_Front

#2
-- File: D:\JOB\AppServ\www\Zend\library\Zend\Application.php
-- Line: 366
-- Function: run
-- Class: Zend_Application_Bootstrap_Bootstrap

#3
-- File: D:\JOB\AppServ\www\Zend\index.php
-- Line: 100
-- Function: run
-- Class: Zend_Application



WDS CMS - 2011-10-14T03:29:50+07:00
DEBUG [7]: Zend_Controller_Dispatcher_Exception
Message: Invalid controller specified (public)
Stack trace: 4
#0
-- File: D:\JOB\AppServ\www\Zend\library\Zend\Controller\Front.php
-- Line: 954
-- Function: dispatch
-- Class: Zend_Controller_Dispatcher_Standard

#1
-- File: D:\JOB\AppServ\www\Zend\library\Zend\Application\Bootstrap\Bootstrap.php
-- Line: 97
-- Function: dispatch
-- Class: Zend_Controller_Front

#2
-- File: D:\JOB\AppServ\www\Zend\library\Zend\Application.php
-- Line: 366
-- Function: run
-- Class: Zend_Application_Bootstrap_Bootstrap

#3
-- File: D:\JOB\AppServ\www\Zend\index.php
-- Line: 100
-- Function: run
-- Class: Zend_Application



WDS CMS - 2011-10-14T03:31:24+07:00
DEBUG [7]: Zend_Controller_Dispatcher_Exception
Message: Invalid controller specified (public)
Stack trace: 4
#0
-- File: D:\JOB\AppServ\www\Zend\library\Zend\Controller\Front.php
-- Line: 954
-- Function: dispatch
-- Class: Zend_Controller_Dispatcher_Standard

#1
-- File: D:\JOB\AppServ\www\Zend\library\Zend\Application\Bootstrap\Bootstrap.php
-- Line: 97
-- Function: dispatch
-- Class: Zend_Controller_Front

#2
-- File: D:\JOB\AppServ\www\Zend\library\Zend\Application.php
-- Line: 366
-- Function: run
-- Class: Zend_Application_Bootstrap_Bootstrap

#3
-- File: D:\JOB\AppServ\www\Zend\index.php
-- Line: 100
-- Function: run
-- Class: Zend_Application



WDS CMS - 2011-10-14T03:31:50+07:00
DEBUG [7]: Zend_Controller_Dispatcher_Exception
Message: Invalid controller specified (public)
Stack trace: 4
#0
-- File: D:\JOB\AppServ\www\Zend\library\Zend\Controller\Front.php
-- Line: 954
-- Function: dispatch
-- Class: Zend_Controller_Dispatcher_Standard

#1
-- File: D:\JOB\AppServ\www\Zend\library\Zend\Application\Bootstrap\Bootstrap.php
-- Line: 97
-- Function: dispatch
-- Class: Zend_Controller_Front

#2
-- File: D:\JOB\AppServ\www\Zend\library\Zend\Application.php
-- Line: 366
-- Function: run
-- Class: Zend_Application_Bootstrap_Bootstrap

#3
-- File: D:\JOB\AppServ\www\Zend\index.php
-- Line: 100
-- Function: run
-- Class: Zend_Application



WDS CMS - 2011-10-14T03:32:53+07:00
DEBUG [7]: Zend_Controller_Dispatcher_Exception
Message: Invalid controller specified (public)
Stack trace: 4
#0
-- File: D:\JOB\AppServ\www\Zend\library\Zend\Controller\Front.php
-- Line: 954
-- Function: dispatch
-- Class: Zend_Controller_Dispatcher_Standard

#1
-- File: D:\JOB\AppServ\www\Zend\library\Zend\Application\Bootstrap\Bootstrap.php
-- Line: 97
-- Function: dispatch
-- Class: Zend_Controller_Front

#2
-- File: D:\JOB\AppServ\www\Zend\library\Zend\Application.php
-- Line: 366
-- Function: run
-- Class: Zend_Application_Bootstrap_Bootstrap

#3
-- File: D:\JOB\AppServ\www\Zend\index.php
-- Line: 100
-- Function: run
-- Class: Zend_Application



WDS CMS - 2011-10-14T03:32:54+07:00
DEBUG [7]: Zend_Controller_Dispatcher_Exception
Message: Invalid controller specified (public)
Stack trace: 4
#0
-- File: D:\JOB\AppServ\www\Zend\library\Zend\Controller\Front.php
-- Line: 954
-- Function: dispatch
-- Class: Zend_Controller_Dispatcher_Standard

#1
-- File: D:\JOB\AppServ\www\Zend\library\Zend\Application\Bootstrap\Bootstrap.php
-- Line: 97
-- Function: dispatch
-- Class: Zend_Controller_Front

#2
-- File: D:\JOB\AppServ\www\Zend\library\Zend\Application.php
-- Line: 366
-- Function: run
-- Class: Zend_Application_Bootstrap_Bootstrap

#3
-- File: D:\JOB\AppServ\www\Zend\index.php
-- Line: 100
-- Function: run
-- Class: Zend_Application



WDS CMS - 2011-10-14T03:33:03+07:00
DEBUG [7]: Zend_Locale_Exception
Message: The locale '' is no known locale
Stack trace: 8
#0
-- File: D:\JOB\AppServ\www\Zend\library\Zend\Locale.php
-- Line: 593
-- Function: findLocale
-- Class: Zend_Locale

#1
-- File: D:\JOB\AppServ\www\Zend\application\modules\admin\controllers\ConfigController.php
-- Line: 151
-- Function: getTranslationList
-- Class: Zend_Locale

#2
-- File: D:\JOB\AppServ\www\Zend\library\Zend\Controller\Action.php
-- Line: 516
-- Function: appAction
-- Class: Admin_ConfigController

#3
-- File: D:\JOB\AppServ\www\Zend\library\Zend\Controller\Dispatcher\Standard.php
-- Line: 295
-- Function: dispatch
-- Class: Zend_Controller_Action

#4
-- File: D:\JOB\AppServ\www\Zend\library\Zend\Controller\Front.php
-- Line: 954
-- Function: dispatch
-- Class: Zend_Controller_Dispatcher_Standard

#5
-- File: D:\JOB\AppServ\www\Zend\library\Zend\Application\Bootstrap\Bootstrap.php
-- Line: 97
-- Function: dispatch
-- Class: Zend_Controller_Front

#6
-- File: D:\JOB\AppServ\www\Zend\library\Zend\Application.php
-- Line: 366
-- Function: run
-- Class: Zend_Application_Bootstrap_Bootstrap

#7
-- File: D:\JOB\AppServ\www\Zend\index.php
-- Line: 100
-- Function: run
-- Class: Zend_Application



WDS CMS - 2011-10-14T03:33:28+07:00
DEBUG [7]: Zend_Locale_Exception
Message: The locale '' is no known locale
Stack trace: 8
#0
-- File: D:\JOB\AppServ\www\Zend\library\Zend\Locale.php
-- Line: 593
-- Function: findLocale
-- Class: Zend_Locale

#1
-- File: D:\JOB\AppServ\www\Zend\application\modules\admin\controllers\ConfigController.php
-- Line: 151
-- Function: getTranslationList
-- Class: Zend_Locale

#2
-- File: D:\JOB\AppServ\www\Zend\library\Zend\Controller\Action.php
-- Line: 516
-- Function: appAction
-- Class: Admin_ConfigController

#3
-- File: D:\JOB\AppServ\www\Zend\library\Zend\Controller\Dispatcher\Standard.php
-- Line: 295
-- Function: dispatch
-- Class: Zend_Controller_Action

#4
-- File: D:\JOB\AppServ\www\Zend\library\Zend\Controller\Front.php
-- Line: 954
-- Function: dispatch
-- Class: Zend_Controller_Dispatcher_Standard

#5
-- File: D:\JOB\AppServ\www\Zend\library\Zend\Application\Bootstrap\Bootstrap.php
-- Line: 97
-- Function: dispatch
-- Class: Zend_Controller_Front

#6
-- File: D:\JOB\AppServ\www\Zend\library\Zend\Application.php
-- Line: 366
-- Function: run
-- Class: Zend_Application_Bootstrap_Bootstrap

#7
-- File: D:\JOB\AppServ\www\Zend\index.php
-- Line: 100
-- Function: run
-- Class: Zend_Application



WDS CMS - 2011-10-14T03:33:30+07:00
DEBUG [7]: Zend_Controller_Dispatcher_Exception
Message: Invalid controller specified (public)
Stack trace: 4
#0
-- File: D:\JOB\AppServ\www\Zend\library\Zend\Controller\Front.php
-- Line: 954
-- Function: dispatch
-- Class: Zend_Controller_Dispatcher_Standard

#1
-- File: D:\JOB\AppServ\www\Zend\library\Zend\Application\Bootstrap\Bootstrap.php
-- Line: 97
-- Function: dispatch
-- Class: Zend_Controller_Front

#2
-- File: D:\JOB\AppServ\www\Zend\library\Zend\Application.php
-- Line: 366
-- Function: run
-- Class: Zend_Application_Bootstrap_Bootstrap

#3
-- File: D:\JOB\AppServ\www\Zend\index.php
-- Line: 100
-- Function: run
-- Class: Zend_Application



WDS CMS - 2011-10-14T03:33:31+07:00
DEBUG [7]: Zend_Controller_Dispatcher_Exception
Message: Invalid controller specified (public)
Stack trace: 4
#0
-- File: D:\JOB\AppServ\www\Zend\library\Zend\Controller\Front.php
-- Line: 954
-- Function: dispatch
-- Class: Zend_Controller_Dispatcher_Standard

#1
-- File: D:\JOB\AppServ\www\Zend\library\Zend\Application\Bootstrap\Bootstrap.php
-- Line: 97
-- Function: dispatch
-- Class: Zend_Controller_Front

#2
-- File: D:\JOB\AppServ\www\Zend\library\Zend\Application.php
-- Line: 366
-- Function: run
-- Class: Zend_Application_Bootstrap_Bootstrap

#3
-- File: D:\JOB\AppServ\www\Zend\index.php
-- Line: 100
-- Function: run
-- Class: Zend_Application



WDS CMS - 2011-10-14T03:33:39+07:00
DEBUG [7]: Zend_Locale_Exception
Message: The locale '' is no known locale
Stack trace: 8
#0
-- File: D:\JOB\AppServ\www\Zend\library\Zend\Locale.php
-- Line: 593
-- Function: findLocale
-- Class: Zend_Locale

#1
-- File: D:\JOB\AppServ\www\Zend\application\modules\admin\controllers\ConfigController.php
-- Line: 151
-- Function: getTranslationList
-- Class: Zend_Locale

#2
-- File: D:\JOB\AppServ\www\Zend\library\Zend\Controller\Action.php
-- Line: 516
-- Function: appAction
-- Class: Admin_ConfigController

#3
-- File: D:\JOB\AppServ\www\Zend\library\Zend\Controller\Dispatcher\Standard.php
-- Line: 295
-- Function: dispatch
-- Class: Zend_Controller_Action

#4
-- File: D:\JOB\AppServ\www\Zend\library\Zend\Controller\Front.php
-- Line: 954
-- Function: dispatch
-- Class: Zend_Controller_Dispatcher_Standard

#5
-- File: D:\JOB\AppServ\www\Zend\library\Zend\Application\Bootstrap\Bootstrap.php
-- Line: 97
-- Function: dispatch
-- Class: Zend_Controller_Front

#6
-- File: D:\JOB\AppServ\www\Zend\library\Zend\Application.php
-- Line: 366
-- Function: run
-- Class: Zend_Application_Bootstrap_Bootstrap

#7
-- File: D:\JOB\AppServ\www\Zend\index.php
-- Line: 100
-- Function: run
-- Class: Zend_Application



WDS CMS - 2011-10-14T03:34:09+07:00
DEBUG [7]: Zend_Locale_Exception
Message: The locale '' is no known locale
Stack trace: 8
#0
-- File: D:\JOB\AppServ\www\Zend\library\Zend\Locale.php
-- Line: 593
-- Function: findLocale
-- Class: Zend_Locale

#1
-- File: D:\JOB\AppServ\www\Zend\application\modules\admin\controllers\ConfigController.php
-- Line: 151
-- Function: getTranslationList
-- Class: Zend_Locale

#2
-- File: D:\JOB\AppServ\www\Zend\library\Zend\Controller\Action.php
-- Line: 516
-- Function: appAction
-- Class: Admin_ConfigController

#3
-- File: D:\JOB\AppServ\www\Zend\library\Zend\Controller\Dispatcher\Standard.php
-- Line: 295
-- Function: dispatch
-- Class: Zend_Controller_Action

#4
-- File: D:\JOB\AppServ\www\Zend\library\Zend\Controller\Front.php
-- Line: 954
-- Function: dispatch
-- Class: Zend_Controller_Dispatcher_Standard

#5
-- File: D:\JOB\AppServ\www\Zend\library\Zend\Application\Bootstrap\Bootstrap.php
-- Line: 97
-- Function: dispatch
-- Class: Zend_Controller_Front

#6
-- File: D:\JOB\AppServ\www\Zend\library\Zend\Application.php
-- Line: 366
-- Function: run
-- Class: Zend_Application_Bootstrap_Bootstrap

#7
-- File: D:\JOB\AppServ\www\Zend\index.php
-- Line: 100
-- Function: run
-- Class: Zend_Application



WDS CMS - 2011-10-14T03:34:57+07:00
DEBUG [7]: Zend_Locale_Exception
Message: The locale '' is no known locale
Stack trace: 8
#0
-- File: D:\JOB\AppServ\www\Zend\library\Zend\Locale.php
-- Line: 593
-- Function: findLocale
-- Class: Zend_Locale

#1
-- File: D:\JOB\AppServ\www\Zend\application\modules\admin\controllers\ConfigController.php
-- Line: 151
-- Function: getTranslationList
-- Class: Zend_Locale

#2
-- File: D:\JOB\AppServ\www\Zend\library\Zend\Controller\Action.php
-- Line: 516
-- Function: appAction
-- Class: Admin_ConfigController

#3
-- File: D:\JOB\AppServ\www\Zend\library\Zend\Controller\Dispatcher\Standard.php
-- Line: 295
-- Function: dispatch
-- Class: Zend_Controller_Action

#4
-- File: D:\JOB\AppServ\www\Zend\library\Zend\Controller\Front.php
-- Line: 954
-- Function: dispatch
-- Class: Zend_Controller_Dispatcher_Standard

#5
-- File: D:\JOB\AppServ\www\Zend\library\Zend\Application\Bootstrap\Bootstrap.php
-- Line: 97
-- Function: dispatch
-- Class: Zend_Controller_Front

#6
-- File: D:\JOB\AppServ\www\Zend\library\Zend\Application.php
-- Line: 366
-- Function: run
-- Class: Zend_Application_Bootstrap_Bootstrap

#7
-- File: D:\JOB\AppServ\www\Zend\index.php
-- Line: 100
-- Function: run
-- Class: Zend_Application



WDS CMS - 2011-10-14T03:34:58+07:00
DEBUG [7]: Zend_Locale_Exception
Message: The locale '' is no known locale
Stack trace: 8
#0
-- File: D:\JOB\AppServ\www\Zend\library\Zend\Locale.php
-- Line: 593
-- Function: findLocale
-- Class: Zend_Locale

#1
-- File: D:\JOB\AppServ\www\Zend\application\modules\admin\controllers\ConfigController.php
-- Line: 151
-- Function: getTranslationList
-- Class: Zend_Locale

#2
-- File: D:\JOB\AppServ\www\Zend\library\Zend\Controller\Action.php
-- Line: 516
-- Function: appAction
-- Class: Admin_ConfigController

#3
-- File: D:\JOB\AppServ\www\Zend\library\Zend\Controller\Dispatcher\Standard.php
-- Line: 295
-- Function: dispatch
-- Class: Zend_Controller_Action

#4
-- File: D:\JOB\AppServ\www\Zend\library\Zend\Controller\Front.php
-- Line: 954
-- Function: dispatch
-- Class: Zend_Controller_Dispatcher_Standard

#5
-- File: D:\JOB\AppServ\www\Zend\library\Zend\Application\Bootstrap\Bootstrap.php
-- Line: 97
-- Function: dispatch
-- Class: Zend_Controller_Front

#6
-- File: D:\JOB\AppServ\www\Zend\library\Zend\Application.php
-- Line: 366
-- Function: run
-- Class: Zend_Application_Bootstrap_Bootstrap

#7
-- File: D:\JOB\AppServ\www\Zend\index.php
-- Line: 100
-- Function: run
-- Class: Zend_Application



WDS CMS - 2011-10-14T03:35:16+07:00
DEBUG [7]: Zend_Controller_Dispatcher_Exception
Message: Invalid controller specified (public)
Stack trace: 4
#0
-- File: D:\JOB\AppServ\www\Zend\library\Zend\Controller\Front.php
-- Line: 954
-- Function: dispatch
-- Class: Zend_Controller_Dispatcher_Standard

#1
-- File: D:\JOB\AppServ\www\Zend\library\Zend\Application\Bootstrap\Bootstrap.php
-- Line: 97
-- Function: dispatch
-- Class: Zend_Controller_Front

#2
-- File: D:\JOB\AppServ\www\Zend\library\Zend\Application.php
-- Line: 366
-- Function: run
-- Class: Zend_Application_Bootstrap_Bootstrap

#3
-- File: D:\JOB\AppServ\www\Zend\index.php
-- Line: 100
-- Function: run
-- Class: Zend_Application



WDS CMS - 2011-10-14T03:36:07+07:00
DEBUG [7]: Zend_Controller_Dispatcher_Exception
Message: Invalid controller specified (public)
Stack trace: 4
#0
-- File: D:\JOB\AppServ\www\Zend\library\Zend\Controller\Front.php
-- Line: 954
-- Function: dispatch
-- Class: Zend_Controller_Dispatcher_Standard

#1
-- File: D:\JOB\AppServ\www\Zend\library\Zend\Application\Bootstrap\Bootstrap.php
-- Line: 97
-- Function: dispatch
-- Class: Zend_Controller_Front

#2
-- File: D:\JOB\AppServ\www\Zend\library\Zend\Application.php
-- Line: 366
-- Function: run
-- Class: Zend_Application_Bootstrap_Bootstrap

#3
-- File: D:\JOB\AppServ\www\Zend\index.php
-- Line: 100
-- Function: run
-- Class: Zend_Application



WDS CMS - 2011-10-14T03:36:24+07:00
DEBUG [7]: Zend_Controller_Dispatcher_Exception
Message: Invalid controller specified (public)
Stack trace: 4
#0
-- File: D:\JOB\AppServ\www\Zend\library\Zend\Controller\Front.php
-- Line: 954
-- Function: dispatch
-- Class: Zend_Controller_Dispatcher_Standard

#1
-- File: D:\JOB\AppServ\www\Zend\library\Zend\Application\Bootstrap\Bootstrap.php
-- Line: 97
-- Function: dispatch
-- Class: Zend_Controller_Front

#2
-- File: D:\JOB\AppServ\www\Zend\library\Zend\Application.php
-- Line: 366
-- Function: run
-- Class: Zend_Application_Bootstrap_Bootstrap

#3
-- File: D:\JOB\AppServ\www\Zend\index.php
-- Line: 100
-- Function: run
-- Class: Zend_Application



WDS CMS - 2011-10-14T03:38:58+07:00
DEBUG [7]: Zend_Locale_Exception
Message: The locale '' is no known locale
Stack trace: 8
#0
-- File: D:\JOB\AppServ\www\Zend\library\Zend\Locale.php
-- Line: 593
-- Function: findLocale
-- Class: Zend_Locale

#1
-- File: D:\JOB\AppServ\www\Zend\application\modules\admin\controllers\ConfigController.php
-- Line: 151
-- Function: getTranslationList
-- Class: Zend_Locale

#2
-- File: D:\JOB\AppServ\www\Zend\library\Zend\Controller\Action.php
-- Line: 516
-- Function: appAction
-- Class: Admin_ConfigController

#3
-- File: D:\JOB\AppServ\www\Zend\library\Zend\Controller\Dispatcher\Standard.php
-- Line: 295
-- Function: dispatch
-- Class: Zend_Controller_Action

#4
-- File: D:\JOB\AppServ\www\Zend\library\Zend\Controller\Front.php
-- Line: 954
-- Function: dispatch
-- Class: Zend_Controller_Dispatcher_Standard

#5
-- File: D:\JOB\AppServ\www\Zend\library\Zend\Application\Bootstrap\Bootstrap.php
-- Line: 97
-- Function: dispatch
-- Class: Zend_Controller_Front

#6
-- File: D:\JOB\AppServ\www\Zend\library\Zend\Application.php
-- Line: 366
-- Function: run
-- Class: Zend_Application_Bootstrap_Bootstrap

#7
-- File: D:\JOB\AppServ\www\Zend\index.php
-- Line: 100
-- Function: run
-- Class: Zend_Application



WDS CMS - 2011-10-14T03:39:37+07:00
DEBUG [7]: Zend_Controller_Dispatcher_Exception
Message: Invalid controller specified (public)
Stack trace: 4
#0
-- File: D:\JOB\AppServ\www\Zend\library\Zend\Controller\Front.php
-- Line: 954
-- Function: dispatch
-- Class: Zend_Controller_Dispatcher_Standard

#1
-- File: D:\JOB\AppServ\www\Zend\library\Zend\Application\Bootstrap\Bootstrap.php
-- Line: 97
-- Function: dispatch
-- Class: Zend_Controller_Front

#2
-- File: D:\JOB\AppServ\www\Zend\library\Zend\Application.php
-- Line: 366
-- Function: run
-- Class: Zend_Application_Bootstrap_Bootstrap

#3
-- File: D:\JOB\AppServ\www\Zend\index.php
-- Line: 100
-- Function: run
-- Class: Zend_Application



WDS CMS - 2011-10-14T03:42:16+07:00
DEBUG [7]: Zend_Controller_Dispatcher_Exception
Message: Invalid controller specified (public)
Stack trace: 4
#0
-- File: D:\JOB\AppServ\www\Zend\library\Zend\Controller\Front.php
-- Line: 954
-- Function: dispatch
-- Class: Zend_Controller_Dispatcher_Standard

#1
-- File: D:\JOB\AppServ\www\Zend\library\Zend\Application\Bootstrap\Bootstrap.php
-- Line: 97
-- Function: dispatch
-- Class: Zend_Controller_Front

#2
-- File: D:\JOB\AppServ\www\Zend\library\Zend\Application.php
-- Line: 366
-- Function: run
-- Class: Zend_Application_Bootstrap_Bootstrap

#3
-- File: D:\JOB\AppServ\www\Zend\index.php
-- Line: 100
-- Function: run
-- Class: Zend_Application



WDS CMS - 2011-10-14T03:42:19+07:00
DEBUG [7]: Zend_Controller_Dispatcher_Exception
Message: Invalid controller specified (public)
Stack trace: 4
#0
-- File: D:\JOB\AppServ\www\Zend\library\Zend\Controller\Front.php
-- Line: 954
-- Function: dispatch
-- Class: Zend_Controller_Dispatcher_Standard

#1
-- File: D:\JOB\AppServ\www\Zend\library\Zend\Application\Bootstrap\Bootstrap.php
-- Line: 97
-- Function: dispatch
-- Class: Zend_Controller_Front

#2
-- File: D:\JOB\AppServ\www\Zend\library\Zend\Application.php
-- Line: 366
-- Function: run
-- Class: Zend_Application_Bootstrap_Bootstrap

#3
-- File: D:\JOB\AppServ\www\Zend\index.php
-- Line: 100
-- Function: run
-- Class: Zend_Application



WDS CMS - 2011-10-14T03:42:30+07:00
DEBUG [7]: Zend_Controller_Dispatcher_Exception
Message: Invalid controller specified (public)
Stack trace: 4
#0
-- File: D:\JOB\AppServ\www\Zend\library\Zend\Controller\Front.php
-- Line: 954
-- Function: dispatch
-- Class: Zend_Controller_Dispatcher_Standard

#1
-- File: D:\JOB\AppServ\www\Zend\library\Zend\Application\Bootstrap\Bootstrap.php
-- Line: 97
-- Function: dispatch
-- Class: Zend_Controller_Front

#2
-- File: D:\JOB\AppServ\www\Zend\library\Zend\Application.php
-- Line: 366
-- Function: run
-- Class: Zend_Application_Bootstrap_Bootstrap

#3
-- File: D:\JOB\AppServ\www\Zend\index.php
-- Line: 100
-- Function: run
-- Class: Zend_Application



WDS CMS - 2011-10-14T03:42:32+07:00
DEBUG [7]: Zend_Controller_Dispatcher_Exception
Message: Invalid controller specified (public)
Stack trace: 4
#0
-- File: D:\JOB\AppServ\www\Zend\library\Zend\Controller\Front.php
-- Line: 954
-- Function: dispatch
-- Class: Zend_Controller_Dispatcher_Standard

#1
-- File: D:\JOB\AppServ\www\Zend\library\Zend\Application\Bootstrap\Bootstrap.php
-- Line: 97
-- Function: dispatch
-- Class: Zend_Controller_Front

#2
-- File: D:\JOB\AppServ\www\Zend\library\Zend\Application.php
-- Line: 366
-- Function: run
-- Class: Zend_Application_Bootstrap_Bootstrap

#3
-- File: D:\JOB\AppServ\www\Zend\index.php
-- Line: 100
-- Function: run
-- Class: Zend_Application



WDS CMS - 2011-10-14T03:42:37+07:00
DEBUG [7]: Zend_Controller_Dispatcher_Exception
Message: Invalid controller specified (public)
Stack trace: 4
#0
-- File: D:\JOB\AppServ\www\Zend\library\Zend\Controller\Front.php
-- Line: 954
-- Function: dispatch
-- Class: Zend_Controller_Dispatcher_Standard

#1
-- File: D:\JOB\AppServ\www\Zend\library\Zend\Application\Bootstrap\Bootstrap.php
-- Line: 97
-- Function: dispatch
-- Class: Zend_Controller_Front

#2
-- File: D:\JOB\AppServ\www\Zend\library\Zend\Application.php
-- Line: 366
-- Function: run
-- Class: Zend_Application_Bootstrap_Bootstrap

#3
-- File: D:\JOB\AppServ\www\Zend\index.php
-- Line: 100
-- Function: run
-- Class: Zend_Application



WDS CMS - 2011-10-14T03:43:41+07:00
DEBUG [7]: Zend_Controller_Dispatcher_Exception
Message: Invalid controller specified (public)
Stack trace: 4
#0
-- File: D:\JOB\AppServ\www\Zend\library\Zend\Controller\Front.php
-- Line: 954
-- Function: dispatch
-- Class: Zend_Controller_Dispatcher_Standard

#1
-- File: D:\JOB\AppServ\www\Zend\library\Zend\Application\Bootstrap\Bootstrap.php
-- Line: 97
-- Function: dispatch
-- Class: Zend_Controller_Front

#2
-- File: D:\JOB\AppServ\www\Zend\library\Zend\Application.php
-- Line: 366
-- Function: run
-- Class: Zend_Application_Bootstrap_Bootstrap

#3
-- File: D:\JOB\AppServ\www\Zend\index.php
-- Line: 100
-- Function: run
-- Class: Zend_Application



WDS CMS - 2011-10-14T03:44:44+07:00
DEBUG [7]: Zend_Controller_Dispatcher_Exception
Message: Invalid controller specified (public)
Stack trace: 4
#0
-- File: D:\JOB\AppServ\www\Zend\library\Zend\Controller\Front.php
-- Line: 954
-- Function: dispatch
-- Class: Zend_Controller_Dispatcher_Standard

#1
-- File: D:\JOB\AppServ\www\Zend\library\Zend\Application\Bootstrap\Bootstrap.php
-- Line: 97
-- Function: dispatch
-- Class: Zend_Controller_Front

#2
-- File: D:\JOB\AppServ\www\Zend\library\Zend\Application.php
-- Line: 366
-- Function: run
-- Class: Zend_Application_Bootstrap_Bootstrap

#3
-- File: D:\JOB\AppServ\www\Zend\index.php
-- Line: 100
-- Function: run
-- Class: Zend_Application



WDS CMS - 2011-10-14T03:44:51+07:00
DEBUG [7]: Zend_Controller_Dispatcher_Exception
Message: Invalid controller specified (public)
Stack trace: 4
#0
-- File: D:\JOB\AppServ\www\Zend\library\Zend\Controller\Front.php
-- Line: 954
-- Function: dispatch
-- Class: Zend_Controller_Dispatcher_Standard

#1
-- File: D:\JOB\AppServ\www\Zend\library\Zend\Application\Bootstrap\Bootstrap.php
-- Line: 97
-- Function: dispatch
-- Class: Zend_Controller_Front

#2
-- File: D:\JOB\AppServ\www\Zend\library\Zend\Application.php
-- Line: 366
-- Function: run
-- Class: Zend_Application_Bootstrap_Bootstrap

#3
-- File: D:\JOB\AppServ\www\Zend\index.php
-- Line: 100
-- Function: run
-- Class: Zend_Application



WDS CMS - 2011-10-14T03:46:01+07:00
DEBUG [7]: Zend_Controller_Dispatcher_Exception
Message: Invalid controller specified (public)
Stack trace: 4
#0
-- File: D:\JOB\AppServ\www\Zend\library\Zend\Controller\Front.php
-- Line: 954
-- Function: dispatch
-- Class: Zend_Controller_Dispatcher_Standard

#1
-- File: D:\JOB\AppServ\www\Zend\library\Zend\Application\Bootstrap\Bootstrap.php
-- Line: 97
-- Function: dispatch
-- Class: Zend_Controller_Front

#2
-- File: D:\JOB\AppServ\www\Zend\library\Zend\Application.php
-- Line: 366
-- Function: run
-- Class: Zend_Application_Bootstrap_Bootstrap

#3
-- File: D:\JOB\AppServ\www\Zend\index.php
-- Line: 100
-- Function: run
-- Class: Zend_Application



WDS CMS - 2011-10-14T05:54:55+07:00
DEBUG [7]: Zend_Controller_Dispatcher_Exception
Message: Invalid controller specified (public)
Stack trace: 4
#0
-- File: D:\JOB\AppServ\www\Zend\library\Zend\Controller\Front.php
-- Line: 954
-- Function: dispatch
-- Class: Zend_Controller_Dispatcher_Standard

#1
-- File: D:\JOB\AppServ\www\Zend\library\Zend\Application\Bootstrap\Bootstrap.php
-- Line: 97
-- Function: dispatch
-- Class: Zend_Controller_Front

#2
-- File: D:\JOB\AppServ\www\Zend\library\Zend\Application.php
-- Line: 366
-- Function: run
-- Class: Zend_Application_Bootstrap_Bootstrap

#3
-- File: D:\JOB\AppServ\www\Zend\index.php
-- Line: 100
-- Function: run
-- Class: Zend_Application



WDS CMS - 2011-10-14T11:31:22+07:00
DEBUG [7]: Zend_Controller_Dispatcher_Exception
Message: Invalid controller specified (public)
Stack trace: 4
#0
-- File: D:\JOB\AppServ\www\Zend\library\Zend\Controller\Front.php
-- Line: 954
-- Function: dispatch
-- Class: Zend_Controller_Dispatcher_Standard

#1
-- File: D:\JOB\AppServ\www\Zend\library\Zend\Application\Bootstrap\Bootstrap.php
-- Line: 97
-- Function: dispatch
-- Class: Zend_Controller_Front

#2
-- File: D:\JOB\AppServ\www\Zend\library\Zend\Application.php
-- Line: 366
-- Function: run
-- Class: Zend_Application_Bootstrap_Bootstrap

#3
-- File: D:\JOB\AppServ\www\Zend\index.php
-- Line: 100
-- Function: run
-- Class: Zend_Application



WDS CMS - 2011-10-14T12:31:24+07:00
DEBUG [7]: Zend_Controller_Dispatcher_Exception
Message: Invalid controller specified (public)
Stack trace: 4
#0
-- File: D:\JOB\AppServ\www\Zend\library\Zend\Controller\Front.php
-- Line: 954
-- Function: dispatch
-- Class: Zend_Controller_Dispatcher_Standard

#1
-- File: D:\JOB\AppServ\www\Zend\library\Zend\Application\Bootstrap\Bootstrap.php
-- Line: 97
-- Function: dispatch
-- Class: Zend_Controller_Front

#2
-- File: D:\JOB\AppServ\www\Zend\library\Zend\Application.php
-- Line: 366
-- Function: run
-- Class: Zend_Application_Bootstrap_Bootstrap

#3
-- File: D:\JOB\AppServ\www\Zend\index.php
-- Line: 100
-- Function: run
-- Class: Zend_Application



