Honey CMS - 2011-11-09T11:39:54+07:00
DEBUG [7]: Zend_Controller_Dispatcher_Exception
Message: Invalid controller specified (%C3%A2s)
Stack trace: 4
#0
-- File: D:\JOB\AppServ\www\Zend\library\Zend\Controller\Front.php
-- Line: 954
-- Function: dispatch
-- Class: Zend_Controller_Dispatcher_Standard

#1
-- File: D:\JOB\AppServ\www\Zend\library\Zend\Application\Bootstrap\Bootstrap.php
-- Line: 97
-- Function: dispatch
-- Class: Zend_Controller_Front

#2
-- File: D:\JOB\AppServ\www\Zend\library\Zend\Application.php
-- Line: 366
-- Function: run
-- Class: Zend_Application_Bootstrap_Bootstrap

#3
-- File: D:\JOB\AppServ\www\Zend\index.php
-- Line: 103
-- Function: run
-- Class: Zend_Application



Honey CMS - 2011-11-09T11:40:21+07:00
DEBUG [7]: Zend_Controller_Dispatcher_Exception
Message: Invalid controller specified (%C3%A2s)
Stack trace: 4
#0
-- File: D:\JOB\AppServ\www\Zend\library\Zend\Controller\Front.php
-- Line: 954
-- Function: dispatch
-- Class: Zend_Controller_Dispatcher_Standard

#1
-- File: D:\JOB\AppServ\www\Zend\library\Zend\Application\Bootstrap\Bootstrap.php
-- Line: 97
-- Function: dispatch
-- Class: Zend_Controller_Front

#2
-- File: D:\JOB\AppServ\www\Zend\library\Zend\Application.php
-- Line: 366
-- Function: run
-- Class: Zend_Application_Bootstrap_Bootstrap

#3
-- File: D:\JOB\AppServ\www\Zend\index.php
-- Line: 103
-- Function: run
-- Class: Zend_Application



Honey CMS - 2011-11-09T11:41:07+07:00
DEBUG [7]: Zend_Controller_Dispatcher_Exception
Message: Invalid controller specified (d%C3%A2dadada)
Stack trace: 4
#0
-- File: D:\JOB\AppServ\www\Zend\library\Zend\Controller\Front.php
-- Line: 954
-- Function: dispatch
-- Class: Zend_Controller_Dispatcher_Standard

#1
-- File: D:\JOB\AppServ\www\Zend\library\Zend\Application\Bootstrap\Bootstrap.php
-- Line: 97
-- Function: dispatch
-- Class: Zend_Controller_Front

#2
-- File: D:\JOB\AppServ\www\Zend\library\Zend\Application.php
-- Line: 366
-- Function: run
-- Class: Zend_Application_Bootstrap_Bootstrap

#3
-- File: D:\JOB\AppServ\www\Zend\index.php
-- Line: 103
-- Function: run
-- Class: Zend_Application



Honey CMS - 2011-11-09T20:15:18+07:00
DEBUG [7]: Zend_Controller_Dispatcher_Exception
Message: Invalid controller specified (public)
Stack trace: 4
#0
-- File: D:\JOB\AppServ\www\Zend\library\Zend\Controller\Front.php
-- Line: 954
-- Function: dispatch
-- Class: Zend_Controller_Dispatcher_Standard

#1
-- File: D:\JOB\AppServ\www\Zend\library\Zend\Application\Bootstrap\Bootstrap.php
-- Line: 97
-- Function: dispatch
-- Class: Zend_Controller_Front

#2
-- File: D:\JOB\AppServ\www\Zend\library\Zend\Application.php
-- Line: 366
-- Function: run
-- Class: Zend_Application_Bootstrap_Bootstrap

#3
-- File: D:\JOB\AppServ\www\Zend\index.php
-- Line: 103
-- Function: run
-- Class: Zend_Application



Honey CMS - 2011-11-09T20:15:24+07:00
DEBUG [7]: Zend_Controller_Dispatcher_Exception
Message: Invalid controller specified (public)
Stack trace: 4
#0
-- File: D:\JOB\AppServ\www\Zend\library\Zend\Controller\Front.php
-- Line: 954
-- Function: dispatch
-- Class: Zend_Controller_Dispatcher_Standard

#1
-- File: D:\JOB\AppServ\www\Zend\library\Zend\Application\Bootstrap\Bootstrap.php
-- Line: 97
-- Function: dispatch
-- Class: Zend_Controller_Front

#2
-- File: D:\JOB\AppServ\www\Zend\library\Zend\Application.php
-- Line: 366
-- Function: run
-- Class: Zend_Application_Bootstrap_Bootstrap

#3
-- File: D:\JOB\AppServ\www\Zend\index.php
-- Line: 103
-- Function: run
-- Class: Zend_Application



Honey CMS - 2011-11-09T20:15:30+07:00
DEBUG [7]: Zend_Controller_Dispatcher_Exception
Message: Invalid controller specified (public)
Stack trace: 4
#0
-- File: D:\JOB\AppServ\www\Zend\library\Zend\Controller\Front.php
-- Line: 954
-- Function: dispatch
-- Class: Zend_Controller_Dispatcher_Standard

#1
-- File: D:\JOB\AppServ\www\Zend\library\Zend\Application\Bootstrap\Bootstrap.php
-- Line: 97
-- Function: dispatch
-- Class: Zend_Controller_Front

#2
-- File: D:\JOB\AppServ\www\Zend\library\Zend\Application.php
-- Line: 366
-- Function: run
-- Class: Zend_Application_Bootstrap_Bootstrap

#3
-- File: D:\JOB\AppServ\www\Zend\index.php
-- Line: 103
-- Function: run
-- Class: Zend_Application



Honey CMS - 2011-11-09T20:15:33+07:00
DEBUG [7]: Zend_Controller_Dispatcher_Exception
Message: Invalid controller specified (public)
Stack trace: 4
#0
-- File: D:\JOB\AppServ\www\Zend\library\Zend\Controller\Front.php
-- Line: 954
-- Function: dispatch
-- Class: Zend_Controller_Dispatcher_Standard

#1
-- File: D:\JOB\AppServ\www\Zend\library\Zend\Application\Bootstrap\Bootstrap.php
-- Line: 97
-- Function: dispatch
-- Class: Zend_Controller_Front

#2
-- File: D:\JOB\AppServ\www\Zend\library\Zend\Application.php
-- Line: 366
-- Function: run
-- Class: Zend_Application_Bootstrap_Bootstrap

#3
-- File: D:\JOB\AppServ\www\Zend\index.php
-- Line: 103
-- Function: run
-- Class: Zend_Application



Honey CMS - 2011-11-09T20:15:41+07:00
DEBUG [7]: Zend_Controller_Dispatcher_Exception
Message: Invalid controller specified (public)
Stack trace: 4
#0
-- File: D:\JOB\AppServ\www\Zend\library\Zend\Controller\Front.php
-- Line: 954
-- Function: dispatch
-- Class: Zend_Controller_Dispatcher_Standard

#1
-- File: D:\JOB\AppServ\www\Zend\library\Zend\Application\Bootstrap\Bootstrap.php
-- Line: 97
-- Function: dispatch
-- Class: Zend_Controller_Front

#2
-- File: D:\JOB\AppServ\www\Zend\library\Zend\Application.php
-- Line: 366
-- Function: run
-- Class: Zend_Application_Bootstrap_Bootstrap

#3
-- File: D:\JOB\AppServ\www\Zend\index.php
-- Line: 103
-- Function: run
-- Class: Zend_Application



Honey CMS - 2011-11-09T20:15:55+07:00
DEBUG [7]: Zend_Controller_Dispatcher_Exception
Message: Invalid controller specified (public)
Stack trace: 4
#0
-- File: D:\JOB\AppServ\www\Zend\library\Zend\Controller\Front.php
-- Line: 954
-- Function: dispatch
-- Class: Zend_Controller_Dispatcher_Standard

#1
-- File: D:\JOB\AppServ\www\Zend\library\Zend\Application\Bootstrap\Bootstrap.php
-- Line: 97
-- Function: dispatch
-- Class: Zend_Controller_Front

#2
-- File: D:\JOB\AppServ\www\Zend\library\Zend\Application.php
-- Line: 366
-- Function: run
-- Class: Zend_Application_Bootstrap_Bootstrap

#3
-- File: D:\JOB\AppServ\www\Zend\index.php
-- Line: 103
-- Function: run
-- Class: Zend_Application



Honey CMS - 2011-11-09T21:47:16+07:00
DEBUG [7]: Zend_Controller_Dispatcher_Exception
Message: Invalid controller specified (public)
Stack trace: 4
#0
-- File: D:\JOB\AppServ\www\Zend\library\Zend\Controller\Front.php
-- Line: 954
-- Function: dispatch
-- Class: Zend_Controller_Dispatcher_Standard

#1
-- File: D:\JOB\AppServ\www\Zend\library\Zend\Application\Bootstrap\Bootstrap.php
-- Line: 97
-- Function: dispatch
-- Class: Zend_Controller_Front

#2
-- File: D:\JOB\AppServ\www\Zend\library\Zend\Application.php
-- Line: 366
-- Function: run
-- Class: Zend_Application_Bootstrap_Bootstrap

#3
-- File: D:\JOB\AppServ\www\Zend\index.php
-- Line: 103
-- Function: run
-- Class: Zend_Application



Honey CMS - 2011-11-09T21:47:17+07:00
DEBUG [7]: Zend_Controller_Dispatcher_Exception
Message: Invalid controller specified (public)
Stack trace: 4
#0
-- File: D:\JOB\AppServ\www\Zend\library\Zend\Controller\Front.php
-- Line: 954
-- Function: dispatch
-- Class: Zend_Controller_Dispatcher_Standard

#1
-- File: D:\JOB\AppServ\www\Zend\library\Zend\Application\Bootstrap\Bootstrap.php
-- Line: 97
-- Function: dispatch
-- Class: Zend_Controller_Front

#2
-- File: D:\JOB\AppServ\www\Zend\library\Zend\Application.php
-- Line: 366
-- Function: run
-- Class: Zend_Application_Bootstrap_Bootstrap

#3
-- File: D:\JOB\AppServ\www\Zend\index.php
-- Line: 103
-- Function: run
-- Class: Zend_Application



