Honey CMS - 2011-12-10T14:31:54+07:00
DEBUG [7]: Zend_Controller_Dispatcher_Exception
Message: Invalid controller specified (public)
Stack trace: 4
#0
-- File: D:\JOB\AppServ\www\link.so1vn.vn\library\Zend\Controller\Front.php
-- Line: 954
-- Function: dispatch
-- Class: Zend_Controller_Dispatcher_Standard

#1
-- File: D:\JOB\AppServ\www\link.so1vn.vn\library\Zend\Application\Bootstrap\Bootstrap.php
-- Line: 97
-- Function: dispatch
-- Class: Zend_Controller_Front

#2
-- File: D:\JOB\AppServ\www\link.so1vn.vn\library\Zend\Application.php
-- Line: 366
-- Function: run
-- Class: Zend_Application_Bootstrap_Bootstrap

#3
-- File: D:\JOB\AppServ\www\link.so1vn.vn\index.php
-- Line: 103
-- Function: run
-- Class: Zend_Application



Honey CMS - 2011-12-10T14:32:01+07:00
DEBUG [7]: Zend_Controller_Dispatcher_Exception
Message: Invalid controller specified (public)
Stack trace: 4
#0
-- File: D:\JOB\AppServ\www\link.so1vn.vn\library\Zend\Controller\Front.php
-- Line: 954
-- Function: dispatch
-- Class: Zend_Controller_Dispatcher_Standard

#1
-- File: D:\JOB\AppServ\www\link.so1vn.vn\library\Zend\Application\Bootstrap\Bootstrap.php
-- Line: 97
-- Function: dispatch
-- Class: Zend_Controller_Front

#2
-- File: D:\JOB\AppServ\www\link.so1vn.vn\library\Zend\Application.php
-- Line: 366
-- Function: run
-- Class: Zend_Application_Bootstrap_Bootstrap

#3
-- File: D:\JOB\AppServ\www\link.so1vn.vn\index.php
-- Line: 103
-- Function: run
-- Class: Zend_Application



Honey CMS - 2011-12-10T14:32:05+07:00
DEBUG [7]: Zend_Controller_Dispatcher_Exception
Message: Invalid controller specified (public)
Stack trace: 4
#0
-- File: D:\JOB\AppServ\www\link.so1vn.vn\library\Zend\Controller\Front.php
-- Line: 954
-- Function: dispatch
-- Class: Zend_Controller_Dispatcher_Standard

#1
-- File: D:\JOB\AppServ\www\link.so1vn.vn\library\Zend\Application\Bootstrap\Bootstrap.php
-- Line: 97
-- Function: dispatch
-- Class: Zend_Controller_Front

#2
-- File: D:\JOB\AppServ\www\link.so1vn.vn\library\Zend\Application.php
-- Line: 366
-- Function: run
-- Class: Zend_Application_Bootstrap_Bootstrap

#3
-- File: D:\JOB\AppServ\www\link.so1vn.vn\index.php
-- Line: 103
-- Function: run
-- Class: Zend_Application



Honey CMS - 2011-12-10T14:32:11+07:00
DEBUG [7]: Zend_Controller_Dispatcher_Exception
Message: Invalid controller specified (public)
Stack trace: 4
#0
-- File: D:\JOB\AppServ\www\link.so1vn.vn\library\Zend\Controller\Front.php
-- Line: 954
-- Function: dispatch
-- Class: Zend_Controller_Dispatcher_Standard

#1
-- File: D:\JOB\AppServ\www\link.so1vn.vn\library\Zend\Application\Bootstrap\Bootstrap.php
-- Line: 97
-- Function: dispatch
-- Class: Zend_Controller_Front

#2
-- File: D:\JOB\AppServ\www\link.so1vn.vn\library\Zend\Application.php
-- Line: 366
-- Function: run
-- Class: Zend_Application_Bootstrap_Bootstrap

#3
-- File: D:\JOB\AppServ\www\link.so1vn.vn\index.php
-- Line: 103
-- Function: run
-- Class: Zend_Application



Honey CMS - 2011-12-10T14:32:14+07:00
DEBUG [7]: Zend_Controller_Dispatcher_Exception
Message: Invalid controller specified (public)
Stack trace: 4
#0
-- File: D:\JOB\AppServ\www\link.so1vn.vn\library\Zend\Controller\Front.php
-- Line: 954
-- Function: dispatch
-- Class: Zend_Controller_Dispatcher_Standard

#1
-- File: D:\JOB\AppServ\www\link.so1vn.vn\library\Zend\Application\Bootstrap\Bootstrap.php
-- Line: 97
-- Function: dispatch
-- Class: Zend_Controller_Front

#2
-- File: D:\JOB\AppServ\www\link.so1vn.vn\library\Zend\Application.php
-- Line: 366
-- Function: run
-- Class: Zend_Application_Bootstrap_Bootstrap

#3
-- File: D:\JOB\AppServ\www\link.so1vn.vn\index.php
-- Line: 103
-- Function: run
-- Class: Zend_Application



Honey CMS - 2011-12-10T14:32:19+07:00
DEBUG [7]: Zend_Controller_Dispatcher_Exception
Message: Invalid controller specified (public)
Stack trace: 4
#0
-- File: D:\JOB\AppServ\www\link.so1vn.vn\library\Zend\Controller\Front.php
-- Line: 954
-- Function: dispatch
-- Class: Zend_Controller_Dispatcher_Standard

#1
-- File: D:\JOB\AppServ\www\link.so1vn.vn\library\Zend\Application\Bootstrap\Bootstrap.php
-- Line: 97
-- Function: dispatch
-- Class: Zend_Controller_Front

#2
-- File: D:\JOB\AppServ\www\link.so1vn.vn\library\Zend\Application.php
-- Line: 366
-- Function: run
-- Class: Zend_Application_Bootstrap_Bootstrap

#3
-- File: D:\JOB\AppServ\www\link.so1vn.vn\index.php
-- Line: 103
-- Function: run
-- Class: Zend_Application



Honey CMS - 2011-12-10T14:32:22+07:00
DEBUG [7]: Zend_Controller_Dispatcher_Exception
Message: Invalid controller specified (public)
Stack trace: 4
#0
-- File: D:\JOB\AppServ\www\link.so1vn.vn\library\Zend\Controller\Front.php
-- Line: 954
-- Function: dispatch
-- Class: Zend_Controller_Dispatcher_Standard

#1
-- File: D:\JOB\AppServ\www\link.so1vn.vn\library\Zend\Application\Bootstrap\Bootstrap.php
-- Line: 97
-- Function: dispatch
-- Class: Zend_Controller_Front

#2
-- File: D:\JOB\AppServ\www\link.so1vn.vn\library\Zend\Application.php
-- Line: 366
-- Function: run
-- Class: Zend_Application_Bootstrap_Bootstrap

#3
-- File: D:\JOB\AppServ\www\link.so1vn.vn\index.php
-- Line: 103
-- Function: run
-- Class: Zend_Application



Honey CMS - 2011-12-10T14:32:57+07:00
DEBUG [7]: Zend_Controller_Dispatcher_Exception
Message: Invalid controller specified (public)
Stack trace: 4
#0
-- File: D:\JOB\AppServ\www\link.so1vn.vn\library\Zend\Controller\Front.php
-- Line: 954
-- Function: dispatch
-- Class: Zend_Controller_Dispatcher_Standard

#1
-- File: D:\JOB\AppServ\www\link.so1vn.vn\library\Zend\Application\Bootstrap\Bootstrap.php
-- Line: 97
-- Function: dispatch
-- Class: Zend_Controller_Front

#2
-- File: D:\JOB\AppServ\www\link.so1vn.vn\library\Zend\Application.php
-- Line: 366
-- Function: run
-- Class: Zend_Application_Bootstrap_Bootstrap

#3
-- File: D:\JOB\AppServ\www\link.so1vn.vn\index.php
-- Line: 103
-- Function: run
-- Class: Zend_Application



Honey CMS - 2011-12-10T14:37:11+07:00
DEBUG [7]: Zend_Controller_Dispatcher_Exception
Message: Invalid controller specified (public)
Stack trace: 4
#0
-- File: D:\JOB\AppServ\www\link.so1vn.vn\library\Zend\Controller\Front.php
-- Line: 954
-- Function: dispatch
-- Class: Zend_Controller_Dispatcher_Standard

#1
-- File: D:\JOB\AppServ\www\link.so1vn.vn\library\Zend\Application\Bootstrap\Bootstrap.php
-- Line: 97
-- Function: dispatch
-- Class: Zend_Controller_Front

#2
-- File: D:\JOB\AppServ\www\link.so1vn.vn\library\Zend\Application.php
-- Line: 366
-- Function: run
-- Class: Zend_Application_Bootstrap_Bootstrap

#3
-- File: D:\JOB\AppServ\www\link.so1vn.vn\index.php
-- Line: 103
-- Function: run
-- Class: Zend_Application



Honey CMS - 2011-12-10T14:48:12+07:00
DEBUG [7]: Zend_Controller_Dispatcher_Exception
Message: Invalid controller specified (null)
Stack trace: 4
#0
-- File: D:\JOB\AppServ\www\link.so1vn.vn\library\Zend\Controller\Front.php
-- Line: 954
-- Function: dispatch
-- Class: Zend_Controller_Dispatcher_Standard

#1
-- File: D:\JOB\AppServ\www\link.so1vn.vn\library\Zend\Application\Bootstrap\Bootstrap.php
-- Line: 97
-- Function: dispatch
-- Class: Zend_Controller_Front

#2
-- File: D:\JOB\AppServ\www\link.so1vn.vn\library\Zend\Application.php
-- Line: 366
-- Function: run
-- Class: Zend_Application_Bootstrap_Bootstrap

#3
-- File: D:\JOB\AppServ\www\link.so1vn.vn\index.php
-- Line: 103
-- Function: run
-- Class: Zend_Application



Honey CMS - 2011-12-10T14:48:14+07:00
DEBUG [7]: Zend_Controller_Dispatcher_Exception
Message: Invalid controller specified (null)
Stack trace: 4
#0
-- File: D:\JOB\AppServ\www\link.so1vn.vn\library\Zend\Controller\Front.php
-- Line: 954
-- Function: dispatch
-- Class: Zend_Controller_Dispatcher_Standard

#1
-- File: D:\JOB\AppServ\www\link.so1vn.vn\library\Zend\Application\Bootstrap\Bootstrap.php
-- Line: 97
-- Function: dispatch
-- Class: Zend_Controller_Front

#2
-- File: D:\JOB\AppServ\www\link.so1vn.vn\library\Zend\Application.php
-- Line: 366
-- Function: run
-- Class: Zend_Application_Bootstrap_Bootstrap

#3
-- File: D:\JOB\AppServ\www\link.so1vn.vn\index.php
-- Line: 103
-- Function: run
-- Class: Zend_Application



Honey CMS - 2011-12-10T14:48:19+07:00
DEBUG [7]: Zend_Controller_Dispatcher_Exception
Message: Invalid controller specified (null)
Stack trace: 4
#0
-- File: D:\JOB\AppServ\www\link.so1vn.vn\library\Zend\Controller\Front.php
-- Line: 954
-- Function: dispatch
-- Class: Zend_Controller_Dispatcher_Standard

#1
-- File: D:\JOB\AppServ\www\link.so1vn.vn\library\Zend\Application\Bootstrap\Bootstrap.php
-- Line: 97
-- Function: dispatch
-- Class: Zend_Controller_Front

#2
-- File: D:\JOB\AppServ\www\link.so1vn.vn\library\Zend\Application.php
-- Line: 366
-- Function: run
-- Class: Zend_Application_Bootstrap_Bootstrap

#3
-- File: D:\JOB\AppServ\www\link.so1vn.vn\index.php
-- Line: 103
-- Function: run
-- Class: Zend_Application



