Honey CMS - 2011-11-15T15:39:33+07:00
DEBUG [7]: Zend_Controller_Dispatcher_Exception
Message: Invalid controller specified (public)
Stack trace: 4
#0
-- File: D:\JOB\AppServ\www\link.so1vn.vn\library\Zend\Controller\Front.php
-- Line: 954
-- Function: dispatch
-- Class: Zend_Controller_Dispatcher_Standard

#1
-- File: D:\JOB\AppServ\www\link.so1vn.vn\library\Zend\Application\Bootstrap\Bootstrap.php
-- Line: 97
-- Function: dispatch
-- Class: Zend_Controller_Front

#2
-- File: D:\JOB\AppServ\www\link.so1vn.vn\library\Zend\Application.php
-- Line: 366
-- Function: run
-- Class: Zend_Application_Bootstrap_Bootstrap

#3
-- File: D:\JOB\AppServ\www\link.so1vn.vn\index.php
-- Line: 103
-- Function: run
-- Class: Zend_Application



Honey CMS - 2011-11-15T15:47:29+07:00
DEBUG [7]: Zend_Controller_Dispatcher_Exception
Message: Invalid controller specified (public)
Stack trace: 4
#0
-- File: D:\JOB\AppServ\www\link.so1vn.vn\library\Zend\Controller\Front.php
-- Line: 954
-- Function: dispatch
-- Class: Zend_Controller_Dispatcher_Standard

#1
-- File: D:\JOB\AppServ\www\link.so1vn.vn\library\Zend\Application\Bootstrap\Bootstrap.php
-- Line: 97
-- Function: dispatch
-- Class: Zend_Controller_Front

#2
-- File: D:\JOB\AppServ\www\link.so1vn.vn\library\Zend\Application.php
-- Line: 366
-- Function: run
-- Class: Zend_Application_Bootstrap_Bootstrap

#3
-- File: D:\JOB\AppServ\www\link.so1vn.vn\index.php
-- Line: 103
-- Function: run
-- Class: Zend_Application



Honey CMS - 2011-11-15T16:02:48+07:00
DEBUG [7]: Zend_Controller_Dispatcher_Exception
Message: Invalid controller specified (public)
Stack trace: 4
#0
-- File: D:\JOB\AppServ\www\link.so1vn.vn\library\Zend\Controller\Front.php
-- Line: 954
-- Function: dispatch
-- Class: Zend_Controller_Dispatcher_Standard

#1
-- File: D:\JOB\AppServ\www\link.so1vn.vn\library\Zend\Application\Bootstrap\Bootstrap.php
-- Line: 97
-- Function: dispatch
-- Class: Zend_Controller_Front

#2
-- File: D:\JOB\AppServ\www\link.so1vn.vn\library\Zend\Application.php
-- Line: 366
-- Function: run
-- Class: Zend_Application_Bootstrap_Bootstrap

#3
-- File: D:\JOB\AppServ\www\link.so1vn.vn\index.php
-- Line: 103
-- Function: run
-- Class: Zend_Application



