Honey CMS - 2011-11-28T08:17:05+07:00
DEBUG [7]: Zend_Controller_Dispatcher_Exception
Message: Invalid controller specified (public)
Stack trace: 4
#0
-- File: D:\JOB\AppServ\www\link.so1vn.vn\library\Zend\Controller\Front.php
-- Line: 954
-- Function: dispatch
-- Class: Zend_Controller_Dispatcher_Standard

#1
-- File: D:\JOB\AppServ\www\link.so1vn.vn\library\Zend\Application\Bootstrap\Bootstrap.php
-- Line: 97
-- Function: dispatch
-- Class: Zend_Controller_Front

#2
-- File: D:\JOB\AppServ\www\link.so1vn.vn\library\Zend\Application.php
-- Line: 366
-- Function: run
-- Class: Zend_Application_Bootstrap_Bootstrap

#3
-- File: D:\JOB\AppServ\www\link.so1vn.vn\index.php
-- Line: 103
-- Function: run
-- Class: Zend_Application



Honey CMS - 2011-11-28T10:08:12+07:00
DEBUG [7]: Zend_Controller_Dispatcher_Exception
Message: Invalid controller specified (public)
Stack trace: 4
#0
-- File: D:\JOB\AppServ\www\link.so1vn.vn\library\Zend\Controller\Front.php
-- Line: 954
-- Function: dispatch
-- Class: Zend_Controller_Dispatcher_Standard

#1
-- File: D:\JOB\AppServ\www\link.so1vn.vn\library\Zend\Application\Bootstrap\Bootstrap.php
-- Line: 97
-- Function: dispatch
-- Class: Zend_Controller_Front

#2
-- File: D:\JOB\AppServ\www\link.so1vn.vn\library\Zend\Application.php
-- Line: 366
-- Function: run
-- Class: Zend_Application_Bootstrap_Bootstrap

#3
-- File: D:\JOB\AppServ\www\link.so1vn.vn\index.php
-- Line: 103
-- Function: run
-- Class: Zend_Application



Honey CMS - 2011-11-28T10:21:37+07:00
DEBUG [7]: Zend_Controller_Dispatcher_Exception
Message: Invalid controller specified (public)
Stack trace: 4
#0
-- File: D:\JOB\AppServ\www\link.so1vn.vn\library\Zend\Controller\Front.php
-- Line: 954
-- Function: dispatch
-- Class: Zend_Controller_Dispatcher_Standard

#1
-- File: D:\JOB\AppServ\www\link.so1vn.vn\library\Zend\Application\Bootstrap\Bootstrap.php
-- Line: 97
-- Function: dispatch
-- Class: Zend_Controller_Front

#2
-- File: D:\JOB\AppServ\www\link.so1vn.vn\library\Zend\Application.php
-- Line: 366
-- Function: run
-- Class: Zend_Application_Bootstrap_Bootstrap

#3
-- File: D:\JOB\AppServ\www\link.so1vn.vn\index.php
-- Line: 103
-- Function: run
-- Class: Zend_Application



Honey CMS - 2011-11-28T10:21:47+07:00
DEBUG [7]: Zend_Controller_Dispatcher_Exception
Message: Invalid controller specified (public)
Stack trace: 4
#0
-- File: D:\JOB\AppServ\www\link.so1vn.vn\library\Zend\Controller\Front.php
-- Line: 954
-- Function: dispatch
-- Class: Zend_Controller_Dispatcher_Standard

#1
-- File: D:\JOB\AppServ\www\link.so1vn.vn\library\Zend\Application\Bootstrap\Bootstrap.php
-- Line: 97
-- Function: dispatch
-- Class: Zend_Controller_Front

#2
-- File: D:\JOB\AppServ\www\link.so1vn.vn\library\Zend\Application.php
-- Line: 366
-- Function: run
-- Class: Zend_Application_Bootstrap_Bootstrap

#3
-- File: D:\JOB\AppServ\www\link.so1vn.vn\index.php
-- Line: 103
-- Function: run
-- Class: Zend_Application



Honey CMS - 2011-11-28T10:21:54+07:00
DEBUG [7]: Zend_Controller_Dispatcher_Exception
Message: Invalid controller specified (public)
Stack trace: 4
#0
-- File: D:\JOB\AppServ\www\link.so1vn.vn\library\Zend\Controller\Front.php
-- Line: 954
-- Function: dispatch
-- Class: Zend_Controller_Dispatcher_Standard

#1
-- File: D:\JOB\AppServ\www\link.so1vn.vn\library\Zend\Application\Bootstrap\Bootstrap.php
-- Line: 97
-- Function: dispatch
-- Class: Zend_Controller_Front

#2
-- File: D:\JOB\AppServ\www\link.so1vn.vn\library\Zend\Application.php
-- Line: 366
-- Function: run
-- Class: Zend_Application_Bootstrap_Bootstrap

#3
-- File: D:\JOB\AppServ\www\link.so1vn.vn\index.php
-- Line: 103
-- Function: run
-- Class: Zend_Application



Honey CMS - 2011-11-28T11:21:58+07:00
DEBUG [7]: Zend_Controller_Dispatcher_Exception
Message: Invalid controller specified (public)
Stack trace: 4
#0
-- File: D:\JOB\AppServ\www\link.so1vn.vn\library\Zend\Controller\Front.php
-- Line: 954
-- Function: dispatch
-- Class: Zend_Controller_Dispatcher_Standard

#1
-- File: D:\JOB\AppServ\www\link.so1vn.vn\library\Zend\Application\Bootstrap\Bootstrap.php
-- Line: 97
-- Function: dispatch
-- Class: Zend_Controller_Front

#2
-- File: D:\JOB\AppServ\www\link.so1vn.vn\library\Zend\Application.php
-- Line: 366
-- Function: run
-- Class: Zend_Application_Bootstrap_Bootstrap

#3
-- File: D:\JOB\AppServ\www\link.so1vn.vn\index.php
-- Line: 103
-- Function: run
-- Class: Zend_Application



Honey CMS - 2011-11-28T11:50:45+07:00
DEBUG [7]: Zend_Db_Statement_Mysqli_Exception (1) 
Message: Mysqli statement execute error : Can't create/write to file 'C:\Windows\TEMP\#sql_9d0_0.MYI' (Errcode: 13)
Stack trace: 21
#0
-- File: D:\JOB\AppServ\www\link.so1vn.vn\library\Zend\Db\Statement.php
-- Line: 300
-- Function: _execute
-- Class: Zend_Db_Statement_Mysqli

#1
-- File: D:\JOB\AppServ\www\link.so1vn.vn\library\Zend\Db\Adapter\Abstract.php
-- Line: 479
-- Function: execute
-- Class: Zend_Db_Statement

#2
-- File: D:\JOB\AppServ\www\link.so1vn.vn\library\Zend\Db\Adapter\Abstract.php
-- Line: 736
-- Function: query
-- Class: Zend_Db_Adapter_Abstract

#3
-- File: D:\JOB\AppServ\www\link.so1vn.vn\application\modules\front\models\Category.php
-- Line: 44
-- Function: fetchAll
-- Class: Zend_Db_Adapter_Abstract

#4
-- File: D:\JOB\AppServ\www\link.so1vn.vn\application\blocks\BlkFrontMenu.php
-- Line: 22
-- Function: listItem
-- Class: Front_Model_Category

#5
-- File: 
-- Line: 
-- Function: blkFrontMenu
-- Class: Block_BlkFrontMenu

#6
-- File: D:\JOB\AppServ\www\link.so1vn.vn\library\Zend\View\Abstract.php
-- Line: 350
-- Function: call_user_func_array
-- Class: 

#7
-- File: 
-- Line: 
-- Function: __call
-- Class: Zend_View_Abstract

#8
-- File: D:\JOB\AppServ\www\link.so1vn.vn\application\templates\link\default\_partial\_header.phtml
-- Line: 30
-- Function: blkFrontMenu
-- Class: Zend_View

#9
-- File: D:\JOB\AppServ\www\link.so1vn.vn\library\Zend\View.php
-- Line: 108
-- Function: include
-- Class: 

#10
-- File: D:\JOB\AppServ\www\link.so1vn.vn\library\Zend\View\Abstract.php
-- Line: 888
-- Function: _run
-- Class: Zend_View

#11
-- File: D:\JOB\AppServ\www\link.so1vn.vn\application\templates\link\default\comment.phtml
-- Line: 1
-- Function: render
-- Class: Zend_View_Abstract

#12
-- File: D:\JOB\AppServ\www\link.so1vn.vn\library\Zend\View.php
-- Line: 108
-- Function: include
-- Class: 

#13
-- File: D:\JOB\AppServ\www\link.so1vn.vn\library\Zend\View\Abstract.php
-- Line: 888
-- Function: _run
-- Class: Zend_View

#14
-- File: D:\JOB\AppServ\www\link.so1vn.vn\library\Zend\Layout.php
-- Line: 796
-- Function: render
-- Class: Zend_View_Abstract

#15
-- File: D:\JOB\AppServ\www\link.so1vn.vn\library\Zend\Layout\Controller\Plugin\Layout.php
-- Line: 143
-- Function: render
-- Class: Zend_Layout

#16
-- File: D:\JOB\AppServ\www\link.so1vn.vn\library\Zend\Controller\Plugin\Broker.php
-- Line: 333
-- Function: postDispatch
-- Class: Zend_Layout_Controller_Plugin_Layout

#17
-- File: D:\JOB\AppServ\www\link.so1vn.vn\library\Zend\Controller\Front.php
-- Line: 965
-- Function: postDispatch
-- Class: Zend_Controller_Plugin_Broker

#18
-- File: D:\JOB\AppServ\www\link.so1vn.vn\library\Zend\Application\Bootstrap\Bootstrap.php
-- Line: 97
-- Function: dispatch
-- Class: Zend_Controller_Front

#19
-- File: D:\JOB\AppServ\www\link.so1vn.vn\library\Zend\Application.php
-- Line: 366
-- Function: run
-- Class: Zend_Application_Bootstrap_Bootstrap

#20
-- File: D:\JOB\AppServ\www\link.so1vn.vn\index.php
-- Line: 103
-- Function: run
-- Class: Zend_Application



Honey CMS - 2011-11-28T11:51:03+07:00
DEBUG [7]: Zend_View_Exception
Message: Invalid value passed to set; please use setMeta()
Stack trace: 9
#0
-- File: D:\JOB\AppServ\www\link.so1vn.vn\library\Zend\View\Helper\HeadMeta.php
-- Line: 164
-- Function: set
-- Class: Zend_View_Helper_HeadMeta

#1
-- File: 
-- Line: 
-- Function: __call
-- Class: Zend_View_Helper_HeadMeta

#2
-- File: D:\JOB\AppServ\www\link.so1vn.vn\application\modules\link\controllers\CommentController.php
-- Line: 60
-- Function: setName
-- Class: Zend_View_Helper_HeadMeta

#3
-- File: D:\JOB\AppServ\www\link.so1vn.vn\library\Zend\Controller\Action.php
-- Line: 516
-- Function: indexAction
-- Class: CommentController

#4
-- File: D:\JOB\AppServ\www\link.so1vn.vn\library\Zend\Controller\Dispatcher\Standard.php
-- Line: 295
-- Function: dispatch
-- Class: Zend_Controller_Action

#5
-- File: D:\JOB\AppServ\www\link.so1vn.vn\library\Zend\Controller\Front.php
-- Line: 954
-- Function: dispatch
-- Class: Zend_Controller_Dispatcher_Standard

#6
-- File: D:\JOB\AppServ\www\link.so1vn.vn\library\Zend\Application\Bootstrap\Bootstrap.php
-- Line: 97
-- Function: dispatch
-- Class: Zend_Controller_Front

#7
-- File: D:\JOB\AppServ\www\link.so1vn.vn\library\Zend\Application.php
-- Line: 366
-- Function: run
-- Class: Zend_Application_Bootstrap_Bootstrap

#8
-- File: D:\JOB\AppServ\www\link.so1vn.vn\index.php
-- Line: 103
-- Function: run
-- Class: Zend_Application



Honey CMS - 2011-11-28T12:22:02+07:00
DEBUG [7]: Zend_Controller_Dispatcher_Exception
Message: Invalid controller specified (public)
Stack trace: 4
#0
-- File: D:\JOB\AppServ\www\link.so1vn.vn\library\Zend\Controller\Front.php
-- Line: 954
-- Function: dispatch
-- Class: Zend_Controller_Dispatcher_Standard

#1
-- File: D:\JOB\AppServ\www\link.so1vn.vn\library\Zend\Application\Bootstrap\Bootstrap.php
-- Line: 97
-- Function: dispatch
-- Class: Zend_Controller_Front

#2
-- File: D:\JOB\AppServ\www\link.so1vn.vn\library\Zend\Application.php
-- Line: 366
-- Function: run
-- Class: Zend_Application_Bootstrap_Bootstrap

#3
-- File: D:\JOB\AppServ\www\link.so1vn.vn\index.php
-- Line: 103
-- Function: run
-- Class: Zend_Application



Honey CMS - 2011-11-28T14:06:22+07:00
DEBUG [7]: Zend_Controller_Dispatcher_Exception
Message: Invalid controller specified (public)
Stack trace: 4
#0
-- File: D:\JOB\AppServ\www\link.so1vn.vn\library\Zend\Controller\Front.php
-- Line: 954
-- Function: dispatch
-- Class: Zend_Controller_Dispatcher_Standard

#1
-- File: D:\JOB\AppServ\www\link.so1vn.vn\library\Zend\Application\Bootstrap\Bootstrap.php
-- Line: 97
-- Function: dispatch
-- Class: Zend_Controller_Front

#2
-- File: D:\JOB\AppServ\www\link.so1vn.vn\library\Zend\Application.php
-- Line: 366
-- Function: run
-- Class: Zend_Application_Bootstrap_Bootstrap

#3
-- File: D:\JOB\AppServ\www\link.so1vn.vn\index.php
-- Line: 103
-- Function: run
-- Class: Zend_Application



Honey CMS - 2011-11-28T14:06:26+07:00
DEBUG [7]: Zend_Controller_Dispatcher_Exception
Message: Invalid controller specified (public)
Stack trace: 4
#0
-- File: D:\JOB\AppServ\www\link.so1vn.vn\library\Zend\Controller\Front.php
-- Line: 954
-- Function: dispatch
-- Class: Zend_Controller_Dispatcher_Standard

#1
-- File: D:\JOB\AppServ\www\link.so1vn.vn\library\Zend\Application\Bootstrap\Bootstrap.php
-- Line: 97
-- Function: dispatch
-- Class: Zend_Controller_Front

#2
-- File: D:\JOB\AppServ\www\link.so1vn.vn\library\Zend\Application.php
-- Line: 366
-- Function: run
-- Class: Zend_Application_Bootstrap_Bootstrap

#3
-- File: D:\JOB\AppServ\www\link.so1vn.vn\index.php
-- Line: 103
-- Function: run
-- Class: Zend_Application



Honey CMS - 2011-11-28T14:06:31+07:00
DEBUG [7]: Zend_Controller_Dispatcher_Exception
Message: Invalid controller specified (public)
Stack trace: 4
#0
-- File: D:\JOB\AppServ\www\link.so1vn.vn\library\Zend\Controller\Front.php
-- Line: 954
-- Function: dispatch
-- Class: Zend_Controller_Dispatcher_Standard

#1
-- File: D:\JOB\AppServ\www\link.so1vn.vn\library\Zend\Application\Bootstrap\Bootstrap.php
-- Line: 97
-- Function: dispatch
-- Class: Zend_Controller_Front

#2
-- File: D:\JOB\AppServ\www\link.so1vn.vn\library\Zend\Application.php
-- Line: 366
-- Function: run
-- Class: Zend_Application_Bootstrap_Bootstrap

#3
-- File: D:\JOB\AppServ\www\link.so1vn.vn\index.php
-- Line: 103
-- Function: run
-- Class: Zend_Application



Honey CMS - 2011-11-28T14:26:56+07:00
DEBUG [7]: Zend_Controller_Dispatcher_Exception
Message: Invalid controller specified (public)
Stack trace: 4
#0
-- File: D:\JOB\AppServ\www\link.so1vn.vn\library\Zend\Controller\Front.php
-- Line: 954
-- Function: dispatch
-- Class: Zend_Controller_Dispatcher_Standard

#1
-- File: D:\JOB\AppServ\www\link.so1vn.vn\library\Zend\Application\Bootstrap\Bootstrap.php
-- Line: 97
-- Function: dispatch
-- Class: Zend_Controller_Front

#2
-- File: D:\JOB\AppServ\www\link.so1vn.vn\library\Zend\Application.php
-- Line: 366
-- Function: run
-- Class: Zend_Application_Bootstrap_Bootstrap

#3
-- File: D:\JOB\AppServ\www\link.so1vn.vn\index.php
-- Line: 103
-- Function: run
-- Class: Zend_Application



Honey CMS - 2011-11-28T14:26:56+07:00
DEBUG [7]: Zend_Controller_Dispatcher_Exception
Message: Invalid controller specified (public)
Stack trace: 4
#0
-- File: D:\JOB\AppServ\www\link.so1vn.vn\library\Zend\Controller\Front.php
-- Line: 954
-- Function: dispatch
-- Class: Zend_Controller_Dispatcher_Standard

#1
-- File: D:\JOB\AppServ\www\link.so1vn.vn\library\Zend\Application\Bootstrap\Bootstrap.php
-- Line: 97
-- Function: dispatch
-- Class: Zend_Controller_Front

#2
-- File: D:\JOB\AppServ\www\link.so1vn.vn\library\Zend\Application.php
-- Line: 366
-- Function: run
-- Class: Zend_Application_Bootstrap_Bootstrap

#3
-- File: D:\JOB\AppServ\www\link.so1vn.vn\index.php
-- Line: 103
-- Function: run
-- Class: Zend_Application



Honey CMS - 2011-11-28T14:26:56+07:00
DEBUG [7]: Zend_Controller_Dispatcher_Exception
Message: Invalid controller specified (public)
Stack trace: 4
#0
-- File: D:\JOB\AppServ\www\link.so1vn.vn\library\Zend\Controller\Front.php
-- Line: 954
-- Function: dispatch
-- Class: Zend_Controller_Dispatcher_Standard

#1
-- File: D:\JOB\AppServ\www\link.so1vn.vn\library\Zend\Application\Bootstrap\Bootstrap.php
-- Line: 97
-- Function: dispatch
-- Class: Zend_Controller_Front

#2
-- File: D:\JOB\AppServ\www\link.so1vn.vn\library\Zend\Application.php
-- Line: 366
-- Function: run
-- Class: Zend_Application_Bootstrap_Bootstrap

#3
-- File: D:\JOB\AppServ\www\link.so1vn.vn\index.php
-- Line: 103
-- Function: run
-- Class: Zend_Application



Honey CMS - 2011-11-28T15:06:12+07:00
DEBUG [7]: Zend_Controller_Dispatcher_Exception
Message: Invalid controller specified (detail)
Stack trace: 4
#0
-- File: D:\JOB\AppServ\www\link.so1vn.vn\library\Zend\Controller\Front.php
-- Line: 954
-- Function: dispatch
-- Class: Zend_Controller_Dispatcher_Standard

#1
-- File: D:\JOB\AppServ\www\link.so1vn.vn\library\Zend\Application\Bootstrap\Bootstrap.php
-- Line: 97
-- Function: dispatch
-- Class: Zend_Controller_Front

#2
-- File: D:\JOB\AppServ\www\link.so1vn.vn\library\Zend\Application.php
-- Line: 366
-- Function: run
-- Class: Zend_Application_Bootstrap_Bootstrap

#3
-- File: D:\JOB\AppServ\www\link.so1vn.vn\index.php
-- Line: 103
-- Function: run
-- Class: Zend_Application



Honey CMS - 2011-11-28T15:06:17+07:00
DEBUG [7]: Zend_Controller_Dispatcher_Exception
Message: Invalid controller specified (detail)
Stack trace: 4
#0
-- File: D:\JOB\AppServ\www\link.so1vn.vn\library\Zend\Controller\Front.php
-- Line: 954
-- Function: dispatch
-- Class: Zend_Controller_Dispatcher_Standard

#1
-- File: D:\JOB\AppServ\www\link.so1vn.vn\library\Zend\Application\Bootstrap\Bootstrap.php
-- Line: 97
-- Function: dispatch
-- Class: Zend_Controller_Front

#2
-- File: D:\JOB\AppServ\www\link.so1vn.vn\library\Zend\Application.php
-- Line: 366
-- Function: run
-- Class: Zend_Application_Bootstrap_Bootstrap

#3
-- File: D:\JOB\AppServ\www\link.so1vn.vn\index.php
-- Line: 103
-- Function: run
-- Class: Zend_Application



Honey CMS - 2011-11-28T15:06:32+07:00
DEBUG [7]: Zend_Controller_Dispatcher_Exception
Message: Invalid controller specified (public)
Stack trace: 4
#0
-- File: D:\JOB\AppServ\www\link.so1vn.vn\library\Zend\Controller\Front.php
-- Line: 954
-- Function: dispatch
-- Class: Zend_Controller_Dispatcher_Standard

#1
-- File: D:\JOB\AppServ\www\link.so1vn.vn\library\Zend\Application\Bootstrap\Bootstrap.php
-- Line: 97
-- Function: dispatch
-- Class: Zend_Controller_Front

#2
-- File: D:\JOB\AppServ\www\link.so1vn.vn\library\Zend\Application.php
-- Line: 366
-- Function: run
-- Class: Zend_Application_Bootstrap_Bootstrap

#3
-- File: D:\JOB\AppServ\www\link.so1vn.vn\index.php
-- Line: 103
-- Function: run
-- Class: Zend_Application



Honey CMS - 2011-11-28T15:06:48+07:00
DEBUG [7]: Zend_Controller_Dispatcher_Exception
Message: Invalid controller specified (detail)
Stack trace: 4
#0
-- File: D:\JOB\AppServ\www\link.so1vn.vn\library\Zend\Controller\Front.php
-- Line: 954
-- Function: dispatch
-- Class: Zend_Controller_Dispatcher_Standard

#1
-- File: D:\JOB\AppServ\www\link.so1vn.vn\library\Zend\Application\Bootstrap\Bootstrap.php
-- Line: 97
-- Function: dispatch
-- Class: Zend_Controller_Front

#2
-- File: D:\JOB\AppServ\www\link.so1vn.vn\library\Zend\Application.php
-- Line: 366
-- Function: run
-- Class: Zend_Application_Bootstrap_Bootstrap

#3
-- File: D:\JOB\AppServ\www\link.so1vn.vn\index.php
-- Line: 103
-- Function: run
-- Class: Zend_Application



Honey CMS - 2011-11-28T15:07:07+07:00
DEBUG [7]: Zend_View_Exception
Message: script 'index/detail.phtml' not found in path (D:/JOB/AppServ/www/link.so1vn.vn/application/modules/link/views\scripts/)
Stack trace: 11
#0
-- File: D:\JOB\AppServ\www\link.so1vn.vn\library\Zend\View\Abstract.php
-- Line: 884
-- Function: _script
-- Class: Zend_View_Abstract

#1
-- File: D:\JOB\AppServ\www\link.so1vn.vn\library\Zend\Controller\Action\Helper\ViewRenderer.php
-- Line: 900
-- Function: render
-- Class: Zend_View_Abstract

#2
-- File: D:\JOB\AppServ\www\link.so1vn.vn\library\Zend\Controller\Action\Helper\ViewRenderer.php
-- Line: 921
-- Function: renderScript
-- Class: Zend_Controller_Action_Helper_ViewRenderer

#3
-- File: D:\JOB\AppServ\www\link.so1vn.vn\library\Zend\Controller\Action\Helper\ViewRenderer.php
-- Line: 960
-- Function: render
-- Class: Zend_Controller_Action_Helper_ViewRenderer

#4
-- File: D:\JOB\AppServ\www\link.so1vn.vn\library\Zend\Controller\Action\HelperBroker.php
-- Line: 277
-- Function: postDispatch
-- Class: Zend_Controller_Action_Helper_ViewRenderer

#5
-- File: D:\JOB\AppServ\www\link.so1vn.vn\library\Zend\Controller\Action.php
-- Line: 527
-- Function: notifyPostDispatch
-- Class: Zend_Controller_Action_HelperBroker

#6
-- File: D:\JOB\AppServ\www\link.so1vn.vn\library\Zend\Controller\Dispatcher\Standard.php
-- Line: 295
-- Function: dispatch
-- Class: Zend_Controller_Action

#7
-- File: D:\JOB\AppServ\www\link.so1vn.vn\library\Zend\Controller\Front.php
-- Line: 954
-- Function: dispatch
-- Class: Zend_Controller_Dispatcher_Standard

#8
-- File: D:\JOB\AppServ\www\link.so1vn.vn\library\Zend\Application\Bootstrap\Bootstrap.php
-- Line: 97
-- Function: dispatch
-- Class: Zend_Controller_Front

#9
-- File: D:\JOB\AppServ\www\link.so1vn.vn\library\Zend\Application.php
-- Line: 366
-- Function: run
-- Class: Zend_Application_Bootstrap_Bootstrap

#10
-- File: D:\JOB\AppServ\www\link.so1vn.vn\index.php
-- Line: 103
-- Function: run
-- Class: Zend_Application



Honey CMS - 2011-11-28T15:12:24+07:00
DEBUG [7]: Zend_Controller_Dispatcher_Exception
Message: Invalid controller specified (detail)
Stack trace: 4
#0
-- File: D:\JOB\AppServ\www\link.so1vn.vn\library\Zend\Controller\Front.php
-- Line: 954
-- Function: dispatch
-- Class: Zend_Controller_Dispatcher_Standard

#1
-- File: D:\JOB\AppServ\www\link.so1vn.vn\library\Zend\Application\Bootstrap\Bootstrap.php
-- Line: 97
-- Function: dispatch
-- Class: Zend_Controller_Front

#2
-- File: D:\JOB\AppServ\www\link.so1vn.vn\library\Zend\Application.php
-- Line: 366
-- Function: run
-- Class: Zend_Application_Bootstrap_Bootstrap

#3
-- File: D:\JOB\AppServ\www\link.so1vn.vn\index.php
-- Line: 103
-- Function: run
-- Class: Zend_Application



Honey CMS - 2011-11-28T21:32:56+07:00
DEBUG [7]: Zend_Controller_Dispatcher_Exception
Message: Invalid controller specified (view)
Stack trace: 4
#0
-- File: D:\JOB\AppServ\www\link.so1vn.vn\library\Zend\Controller\Front.php
-- Line: 954
-- Function: dispatch
-- Class: Zend_Controller_Dispatcher_Standard

#1
-- File: D:\JOB\AppServ\www\link.so1vn.vn\library\Zend\Application\Bootstrap\Bootstrap.php
-- Line: 97
-- Function: dispatch
-- Class: Zend_Controller_Front

#2
-- File: D:\JOB\AppServ\www\link.so1vn.vn\library\Zend\Application.php
-- Line: 366
-- Function: run
-- Class: Zend_Application_Bootstrap_Bootstrap

#3
-- File: D:\JOB\AppServ\www\link.so1vn.vn\index.php
-- Line: 103
-- Function: run
-- Class: Zend_Application



Honey CMS - 2011-11-28T21:32:57+07:00
DEBUG [7]: Zend_Controller_Dispatcher_Exception
Message: Invalid controller specified (view)
Stack trace: 4
#0
-- File: D:\JOB\AppServ\www\link.so1vn.vn\library\Zend\Controller\Front.php
-- Line: 954
-- Function: dispatch
-- Class: Zend_Controller_Dispatcher_Standard

#1
-- File: D:\JOB\AppServ\www\link.so1vn.vn\library\Zend\Application\Bootstrap\Bootstrap.php
-- Line: 97
-- Function: dispatch
-- Class: Zend_Controller_Front

#2
-- File: D:\JOB\AppServ\www\link.so1vn.vn\library\Zend\Application.php
-- Line: 366
-- Function: run
-- Class: Zend_Application_Bootstrap_Bootstrap

#3
-- File: D:\JOB\AppServ\www\link.so1vn.vn\index.php
-- Line: 103
-- Function: run
-- Class: Zend_Application



Honey CMS - 2011-11-28T21:32:57+07:00
DEBUG [7]: Zend_Controller_Dispatcher_Exception
Message: Invalid controller specified (view)
Stack trace: 4
#0
-- File: D:\JOB\AppServ\www\link.so1vn.vn\library\Zend\Controller\Front.php
-- Line: 954
-- Function: dispatch
-- Class: Zend_Controller_Dispatcher_Standard

#1
-- File: D:\JOB\AppServ\www\link.so1vn.vn\library\Zend\Application\Bootstrap\Bootstrap.php
-- Line: 97
-- Function: dispatch
-- Class: Zend_Controller_Front

#2
-- File: D:\JOB\AppServ\www\link.so1vn.vn\library\Zend\Application.php
-- Line: 366
-- Function: run
-- Class: Zend_Application_Bootstrap_Bootstrap

#3
-- File: D:\JOB\AppServ\www\link.so1vn.vn\index.php
-- Line: 103
-- Function: run
-- Class: Zend_Application



Honey CMS - 2011-11-28T21:32:57+07:00
DEBUG [7]: Zend_Controller_Dispatcher_Exception
Message: Invalid controller specified (view)
Stack trace: 4
#0
-- File: D:\JOB\AppServ\www\link.so1vn.vn\library\Zend\Controller\Front.php
-- Line: 954
-- Function: dispatch
-- Class: Zend_Controller_Dispatcher_Standard

#1
-- File: D:\JOB\AppServ\www\link.so1vn.vn\library\Zend\Application\Bootstrap\Bootstrap.php
-- Line: 97
-- Function: dispatch
-- Class: Zend_Controller_Front

#2
-- File: D:\JOB\AppServ\www\link.so1vn.vn\library\Zend\Application.php
-- Line: 366
-- Function: run
-- Class: Zend_Application_Bootstrap_Bootstrap

#3
-- File: D:\JOB\AppServ\www\link.so1vn.vn\index.php
-- Line: 103
-- Function: run
-- Class: Zend_Application



Honey CMS - 2011-11-28T21:32:57+07:00
DEBUG [7]: Zend_Controller_Dispatcher_Exception
Message: Invalid controller specified (view)
Stack trace: 4
#0
-- File: D:\JOB\AppServ\www\link.so1vn.vn\library\Zend\Controller\Front.php
-- Line: 954
-- Function: dispatch
-- Class: Zend_Controller_Dispatcher_Standard

#1
-- File: D:\JOB\AppServ\www\link.so1vn.vn\library\Zend\Application\Bootstrap\Bootstrap.php
-- Line: 97
-- Function: dispatch
-- Class: Zend_Controller_Front

#2
-- File: D:\JOB\AppServ\www\link.so1vn.vn\library\Zend\Application.php
-- Line: 366
-- Function: run
-- Class: Zend_Application_Bootstrap_Bootstrap

#3
-- File: D:\JOB\AppServ\www\link.so1vn.vn\index.php
-- Line: 103
-- Function: run
-- Class: Zend_Application



Honey CMS - 2011-11-28T21:32:57+07:00
DEBUG [7]: Zend_Controller_Dispatcher_Exception
Message: Invalid controller specified (view)
Stack trace: 4
#0
-- File: D:\JOB\AppServ\www\link.so1vn.vn\library\Zend\Controller\Front.php
-- Line: 954
-- Function: dispatch
-- Class: Zend_Controller_Dispatcher_Standard

#1
-- File: D:\JOB\AppServ\www\link.so1vn.vn\library\Zend\Application\Bootstrap\Bootstrap.php
-- Line: 97
-- Function: dispatch
-- Class: Zend_Controller_Front

#2
-- File: D:\JOB\AppServ\www\link.so1vn.vn\library\Zend\Application.php
-- Line: 366
-- Function: run
-- Class: Zend_Application_Bootstrap_Bootstrap

#3
-- File: D:\JOB\AppServ\www\link.so1vn.vn\index.php
-- Line: 103
-- Function: run
-- Class: Zend_Application



Honey CMS - 2011-11-28T21:32:57+07:00
DEBUG [7]: Zend_Controller_Dispatcher_Exception
Message: Invalid controller specified (view)
Stack trace: 4
#0
-- File: D:\JOB\AppServ\www\link.so1vn.vn\library\Zend\Controller\Front.php
-- Line: 954
-- Function: dispatch
-- Class: Zend_Controller_Dispatcher_Standard

#1
-- File: D:\JOB\AppServ\www\link.so1vn.vn\library\Zend\Application\Bootstrap\Bootstrap.php
-- Line: 97
-- Function: dispatch
-- Class: Zend_Controller_Front

#2
-- File: D:\JOB\AppServ\www\link.so1vn.vn\library\Zend\Application.php
-- Line: 366
-- Function: run
-- Class: Zend_Application_Bootstrap_Bootstrap

#3
-- File: D:\JOB\AppServ\www\link.so1vn.vn\index.php
-- Line: 103
-- Function: run
-- Class: Zend_Application



