WDS CMS - 2011-10-13T21:30:36+07:00
DEBUG [7]: Zend_Controller_Dispatcher_Exception
Message: Invalid controller specified (public)
Stack trace: 4
#0
-- File: D:\JOB\AppServ\www\Zend\library\Zend\Controller\Front.php
-- Line: 954
-- Function: dispatch
-- Class: Zend_Controller_Dispatcher_Standard

#1
-- File: D:\JOB\AppServ\www\Zend\library\Zend\Application\Bootstrap\Bootstrap.php
-- Line: 97
-- Function: dispatch
-- Class: Zend_Controller_Front

#2
-- File: D:\JOB\AppServ\www\Zend\library\Zend\Application.php
-- Line: 366
-- Function: run
-- Class: Zend_Application_Bootstrap_Bootstrap

#3
-- File: D:\JOB\AppServ\www\Zend\index.php
-- Line: 100
-- Function: run
-- Class: Zend_Application



WDS CMS - 2011-10-13T22:02:46+07:00
DEBUG [7]: Zend_Db_Statement_Mysqli_Exception (1048) 
Message: Mysqli statement execute error : Column 'status' cannot be null
Stack trace: 14
#0
-- File: D:\JOB\AppServ\www\Zend\library\Zend\Db\Statement.php
-- Line: 300
-- Function: _execute
-- Class: Zend_Db_Statement_Mysqli

#1
-- File: D:\JOB\AppServ\www\Zend\library\Zend\Db\Adapter\Abstract.php
-- Line: 479
-- Function: execute
-- Class: Zend_Db_Statement

#2
-- File: D:\JOB\AppServ\www\Zend\library\Zend\Db\Adapter\Abstract.php
-- Line: 575
-- Function: query
-- Class: Zend_Db_Adapter_Abstract

#3
-- File: D:\JOB\AppServ\www\Zend\library\Zend\Db\Table\Abstract.php
-- Line: 1075
-- Function: insert
-- Class: Zend_Db_Adapter_Abstract

#4
-- File: D:\JOB\AppServ\www\Zend\library\Zend\Db\Table\Row\Abstract.php
-- Line: 467
-- Function: insert
-- Class: Zend_Db_Table_Abstract

#5
-- File: D:\JOB\AppServ\www\Zend\library\Zend\Db\Table\Row\Abstract.php
-- Line: 438
-- Function: _doInsert
-- Class: Zend_Db_Table_Row_Abstract

#6
-- File: D:\JOB\AppServ\www\Zend\application\modules\admin\models\User.php
-- Line: 92
-- Function: save
-- Class: Zend_Db_Table_Row_Abstract

#7
-- File: D:\JOB\AppServ\www\Zend\application\modules\admin\controllers\UserController.php
-- Line: 130
-- Function: saveItem
-- Class: Admin_Model_User

#8
-- File: D:\JOB\AppServ\www\Zend\library\Zend\Controller\Action.php
-- Line: 516
-- Function: addAction
-- Class: Admin_UserController

#9
-- File: D:\JOB\AppServ\www\Zend\library\Zend\Controller\Dispatcher\Standard.php
-- Line: 295
-- Function: dispatch
-- Class: Zend_Controller_Action

#10
-- File: D:\JOB\AppServ\www\Zend\library\Zend\Controller\Front.php
-- Line: 954
-- Function: dispatch
-- Class: Zend_Controller_Dispatcher_Standard

#11
-- File: D:\JOB\AppServ\www\Zend\library\Zend\Application\Bootstrap\Bootstrap.php
-- Line: 97
-- Function: dispatch
-- Class: Zend_Controller_Front

#12
-- File: D:\JOB\AppServ\www\Zend\library\Zend\Application.php
-- Line: 366
-- Function: run
-- Class: Zend_Application_Bootstrap_Bootstrap

#13
-- File: D:\JOB\AppServ\www\Zend\index.php
-- Line: 100
-- Function: run
-- Class: Zend_Application



WDS CMS - 2011-10-13T22:02:50+07:00
DEBUG [7]: Zend_Loader_PluginLoader_Exception
Message: Plugin by name 'Translator' was not found in the registry; used paths:
Admin_View_Helper_: D:/JOB/AppServ/www/Zend/application/modules/admin/views\helpers/
Honey_View_Helper_: Honey\View\Helper/
Zend_View_Helper_: Zend/View/Helper/
Stack trace: 17
#0
-- File: D:\JOB\AppServ\www\Zend\library\Zend\View\Abstract.php
-- Line: 1182
-- Function: load
-- Class: Zend_Loader_PluginLoader

#1
-- File: D:\JOB\AppServ\www\Zend\library\Zend\View\Abstract.php
-- Line: 618
-- Function: _getPlugin
-- Class: Zend_View_Abstract

#2
-- File: D:\JOB\AppServ\www\Zend\library\Zend\View\Abstract.php
-- Line: 344
-- Function: getHelper
-- Class: Zend_View_Abstract

#3
-- File: 
-- Line: 
-- Function: __call
-- Class: Zend_View_Abstract

#4
-- File: D:\JOB\AppServ\www\Zend\application\modules\admin\views\scripts\user\add.phtml
-- Line: 128
-- Function: translator
-- Class: Zend_View

#5
-- File: D:\JOB\AppServ\www\Zend\library\Zend\View.php
-- Line: 108
-- Function: include
-- Class: 

#6
-- File: D:\JOB\AppServ\www\Zend\library\Zend\View\Abstract.php
-- Line: 888
-- Function: _run
-- Class: Zend_View

#7
-- File: D:\JOB\AppServ\www\Zend\library\Zend\Controller\Action\Helper\ViewRenderer.php
-- Line: 900
-- Function: render
-- Class: Zend_View_Abstract

#8
-- File: D:\JOB\AppServ\www\Zend\library\Zend\Controller\Action\Helper\ViewRenderer.php
-- Line: 921
-- Function: renderScript
-- Class: Zend_Controller_Action_Helper_ViewRenderer

#9
-- File: D:\JOB\AppServ\www\Zend\library\Zend\Controller\Action\Helper\ViewRenderer.php
-- Line: 960
-- Function: render
-- Class: Zend_Controller_Action_Helper_ViewRenderer

#10
-- File: D:\JOB\AppServ\www\Zend\library\Zend\Controller\Action\HelperBroker.php
-- Line: 277
-- Function: postDispatch
-- Class: Zend_Controller_Action_Helper_ViewRenderer

#11
-- File: D:\JOB\AppServ\www\Zend\library\Zend\Controller\Action.php
-- Line: 527
-- Function: notifyPostDispatch
-- Class: Zend_Controller_Action_HelperBroker

#12
-- File: D:\JOB\AppServ\www\Zend\library\Zend\Controller\Dispatcher\Standard.php
-- Line: 295
-- Function: dispatch
-- Class: Zend_Controller_Action

#13
-- File: D:\JOB\AppServ\www\Zend\library\Zend\Controller\Front.php
-- Line: 954
-- Function: dispatch
-- Class: Zend_Controller_Dispatcher_Standard

#14
-- File: D:\JOB\AppServ\www\Zend\library\Zend\Application\Bootstrap\Bootstrap.php
-- Line: 97
-- Function: dispatch
-- Class: Zend_Controller_Front

#15
-- File: D:\JOB\AppServ\www\Zend\library\Zend\Application.php
-- Line: 366
-- Function: run
-- Class: Zend_Application_Bootstrap_Bootstrap

#16
-- File: D:\JOB\AppServ\www\Zend\index.php
-- Line: 100
-- Function: run
-- Class: Zend_Application



WDS CMS - 2011-10-13T22:02:55+07:00
DEBUG [7]: Zend_Loader_PluginLoader_Exception
Message: Plugin by name 'Translator' was not found in the registry; used paths:
Admin_View_Helper_: D:/JOB/AppServ/www/Zend/application/modules/admin/views\helpers/
Honey_View_Helper_: Honey\View\Helper/
Zend_View_Helper_: Zend/View/Helper/
Stack trace: 17
#0
-- File: D:\JOB\AppServ\www\Zend\library\Zend\View\Abstract.php
-- Line: 1182
-- Function: load
-- Class: Zend_Loader_PluginLoader

#1
-- File: D:\JOB\AppServ\www\Zend\library\Zend\View\Abstract.php
-- Line: 618
-- Function: _getPlugin
-- Class: Zend_View_Abstract

#2
-- File: D:\JOB\AppServ\www\Zend\library\Zend\View\Abstract.php
-- Line: 344
-- Function: getHelper
-- Class: Zend_View_Abstract

#3
-- File: 
-- Line: 
-- Function: __call
-- Class: Zend_View_Abstract

#4
-- File: D:\JOB\AppServ\www\Zend\application\modules\admin\views\scripts\user\add.phtml
-- Line: 128
-- Function: translator
-- Class: Zend_View

#5
-- File: D:\JOB\AppServ\www\Zend\library\Zend\View.php
-- Line: 108
-- Function: include
-- Class: 

#6
-- File: D:\JOB\AppServ\www\Zend\library\Zend\View\Abstract.php
-- Line: 888
-- Function: _run
-- Class: Zend_View

#7
-- File: D:\JOB\AppServ\www\Zend\library\Zend\Controller\Action\Helper\ViewRenderer.php
-- Line: 900
-- Function: render
-- Class: Zend_View_Abstract

#8
-- File: D:\JOB\AppServ\www\Zend\library\Zend\Controller\Action\Helper\ViewRenderer.php
-- Line: 921
-- Function: renderScript
-- Class: Zend_Controller_Action_Helper_ViewRenderer

#9
-- File: D:\JOB\AppServ\www\Zend\library\Zend\Controller\Action\Helper\ViewRenderer.php
-- Line: 960
-- Function: render
-- Class: Zend_Controller_Action_Helper_ViewRenderer

#10
-- File: D:\JOB\AppServ\www\Zend\library\Zend\Controller\Action\HelperBroker.php
-- Line: 277
-- Function: postDispatch
-- Class: Zend_Controller_Action_Helper_ViewRenderer

#11
-- File: D:\JOB\AppServ\www\Zend\library\Zend\Controller\Action.php
-- Line: 527
-- Function: notifyPostDispatch
-- Class: Zend_Controller_Action_HelperBroker

#12
-- File: D:\JOB\AppServ\www\Zend\library\Zend\Controller\Dispatcher\Standard.php
-- Line: 295
-- Function: dispatch
-- Class: Zend_Controller_Action

#13
-- File: D:\JOB\AppServ\www\Zend\library\Zend\Controller\Front.php
-- Line: 954
-- Function: dispatch
-- Class: Zend_Controller_Dispatcher_Standard

#14
-- File: D:\JOB\AppServ\www\Zend\library\Zend\Application\Bootstrap\Bootstrap.php
-- Line: 97
-- Function: dispatch
-- Class: Zend_Controller_Front

#15
-- File: D:\JOB\AppServ\www\Zend\library\Zend\Application.php
-- Line: 366
-- Function: run
-- Class: Zend_Application_Bootstrap_Bootstrap

#16
-- File: D:\JOB\AppServ\www\Zend\index.php
-- Line: 100
-- Function: run
-- Class: Zend_Application



WDS CMS - 2011-10-13T22:21:29+07:00
DEBUG [7]: Zend_Db_Statement_Mysqli_Exception (1048) 
Message: Mysqli statement execute error : Column 'status' cannot be null
Stack trace: 14
#0
-- File: D:\JOB\AppServ\www\Zend\library\Zend\Db\Statement.php
-- Line: 300
-- Function: _execute
-- Class: Zend_Db_Statement_Mysqli

#1
-- File: D:\JOB\AppServ\www\Zend\library\Zend\Db\Adapter\Abstract.php
-- Line: 479
-- Function: execute
-- Class: Zend_Db_Statement

#2
-- File: D:\JOB\AppServ\www\Zend\library\Zend\Db\Adapter\Abstract.php
-- Line: 575
-- Function: query
-- Class: Zend_Db_Adapter_Abstract

#3
-- File: D:\JOB\AppServ\www\Zend\library\Zend\Db\Table\Abstract.php
-- Line: 1075
-- Function: insert
-- Class: Zend_Db_Adapter_Abstract

#4
-- File: D:\JOB\AppServ\www\Zend\library\Zend\Db\Table\Row\Abstract.php
-- Line: 467
-- Function: insert
-- Class: Zend_Db_Table_Abstract

#5
-- File: D:\JOB\AppServ\www\Zend\library\Zend\Db\Table\Row\Abstract.php
-- Line: 438
-- Function: _doInsert
-- Class: Zend_Db_Table_Row_Abstract

#6
-- File: D:\JOB\AppServ\www\Zend\application\modules\admin\models\User.php
-- Line: 92
-- Function: save
-- Class: Zend_Db_Table_Row_Abstract

#7
-- File: D:\JOB\AppServ\www\Zend\application\modules\admin\controllers\UserController.php
-- Line: 130
-- Function: saveItem
-- Class: Admin_Model_User

#8
-- File: D:\JOB\AppServ\www\Zend\library\Zend\Controller\Action.php
-- Line: 516
-- Function: addAction
-- Class: Admin_UserController

#9
-- File: D:\JOB\AppServ\www\Zend\library\Zend\Controller\Dispatcher\Standard.php
-- Line: 295
-- Function: dispatch
-- Class: Zend_Controller_Action

#10
-- File: D:\JOB\AppServ\www\Zend\library\Zend\Controller\Front.php
-- Line: 954
-- Function: dispatch
-- Class: Zend_Controller_Dispatcher_Standard

#11
-- File: D:\JOB\AppServ\www\Zend\library\Zend\Application\Bootstrap\Bootstrap.php
-- Line: 97
-- Function: dispatch
-- Class: Zend_Controller_Front

#12
-- File: D:\JOB\AppServ\www\Zend\library\Zend\Application.php
-- Line: 366
-- Function: run
-- Class: Zend_Application_Bootstrap_Bootstrap

#13
-- File: D:\JOB\AppServ\www\Zend\index.php
-- Line: 100
-- Function: run
-- Class: Zend_Application



WDS CMS - 2011-10-13T22:22:38+07:00
DEBUG [7]: Zend_Db_Statement_Mysqli_Exception (1048) 
Message: Mysqli statement execute error : Column 'status' cannot be null
Stack trace: 14
#0
-- File: D:\JOB\AppServ\www\Zend\library\Zend\Db\Statement.php
-- Line: 300
-- Function: _execute
-- Class: Zend_Db_Statement_Mysqli

#1
-- File: D:\JOB\AppServ\www\Zend\library\Zend\Db\Adapter\Abstract.php
-- Line: 479
-- Function: execute
-- Class: Zend_Db_Statement

#2
-- File: D:\JOB\AppServ\www\Zend\library\Zend\Db\Adapter\Abstract.php
-- Line: 575
-- Function: query
-- Class: Zend_Db_Adapter_Abstract

#3
-- File: D:\JOB\AppServ\www\Zend\library\Zend\Db\Table\Abstract.php
-- Line: 1075
-- Function: insert
-- Class: Zend_Db_Adapter_Abstract

#4
-- File: D:\JOB\AppServ\www\Zend\library\Zend\Db\Table\Row\Abstract.php
-- Line: 467
-- Function: insert
-- Class: Zend_Db_Table_Abstract

#5
-- File: D:\JOB\AppServ\www\Zend\library\Zend\Db\Table\Row\Abstract.php
-- Line: 438
-- Function: _doInsert
-- Class: Zend_Db_Table_Row_Abstract

#6
-- File: D:\JOB\AppServ\www\Zend\application\modules\admin\models\User.php
-- Line: 92
-- Function: save
-- Class: Zend_Db_Table_Row_Abstract

#7
-- File: D:\JOB\AppServ\www\Zend\application\modules\admin\controllers\UserController.php
-- Line: 130
-- Function: saveItem
-- Class: Admin_Model_User

#8
-- File: D:\JOB\AppServ\www\Zend\library\Zend\Controller\Action.php
-- Line: 516
-- Function: addAction
-- Class: Admin_UserController

#9
-- File: D:\JOB\AppServ\www\Zend\library\Zend\Controller\Dispatcher\Standard.php
-- Line: 295
-- Function: dispatch
-- Class: Zend_Controller_Action

#10
-- File: D:\JOB\AppServ\www\Zend\library\Zend\Controller\Front.php
-- Line: 954
-- Function: dispatch
-- Class: Zend_Controller_Dispatcher_Standard

#11
-- File: D:\JOB\AppServ\www\Zend\library\Zend\Application\Bootstrap\Bootstrap.php
-- Line: 97
-- Function: dispatch
-- Class: Zend_Controller_Front

#12
-- File: D:\JOB\AppServ\www\Zend\library\Zend\Application.php
-- Line: 366
-- Function: run
-- Class: Zend_Application_Bootstrap_Bootstrap

#13
-- File: D:\JOB\AppServ\www\Zend\index.php
-- Line: 100
-- Function: run
-- Class: Zend_Application



WDS CMS - 2011-10-13T22:29:32+07:00
DEBUG [7]: Zend_Db_Statement_Mysqli_Exception (1048) 
Message: Mysqli statement execute error : Column 'status' cannot be null
Stack trace: 14
#0
-- File: D:\JOB\AppServ\www\Zend\library\Zend\Db\Statement.php
-- Line: 300
-- Function: _execute
-- Class: Zend_Db_Statement_Mysqli

#1
-- File: D:\JOB\AppServ\www\Zend\library\Zend\Db\Adapter\Abstract.php
-- Line: 479
-- Function: execute
-- Class: Zend_Db_Statement

#2
-- File: D:\JOB\AppServ\www\Zend\library\Zend\Db\Adapter\Abstract.php
-- Line: 575
-- Function: query
-- Class: Zend_Db_Adapter_Abstract

#3
-- File: D:\JOB\AppServ\www\Zend\library\Zend\Db\Table\Abstract.php
-- Line: 1075
-- Function: insert
-- Class: Zend_Db_Adapter_Abstract

#4
-- File: D:\JOB\AppServ\www\Zend\library\Zend\Db\Table\Row\Abstract.php
-- Line: 467
-- Function: insert
-- Class: Zend_Db_Table_Abstract

#5
-- File: D:\JOB\AppServ\www\Zend\library\Zend\Db\Table\Row\Abstract.php
-- Line: 438
-- Function: _doInsert
-- Class: Zend_Db_Table_Row_Abstract

#6
-- File: D:\JOB\AppServ\www\Zend\application\modules\admin\models\User.php
-- Line: 92
-- Function: save
-- Class: Zend_Db_Table_Row_Abstract

#7
-- File: D:\JOB\AppServ\www\Zend\application\modules\admin\controllers\UserController.php
-- Line: 130
-- Function: saveItem
-- Class: Admin_Model_User

#8
-- File: D:\JOB\AppServ\www\Zend\library\Zend\Controller\Action.php
-- Line: 516
-- Function: addAction
-- Class: Admin_UserController

#9
-- File: D:\JOB\AppServ\www\Zend\library\Zend\Controller\Dispatcher\Standard.php
-- Line: 295
-- Function: dispatch
-- Class: Zend_Controller_Action

#10
-- File: D:\JOB\AppServ\www\Zend\library\Zend\Controller\Front.php
-- Line: 954
-- Function: dispatch
-- Class: Zend_Controller_Dispatcher_Standard

#11
-- File: D:\JOB\AppServ\www\Zend\library\Zend\Application\Bootstrap\Bootstrap.php
-- Line: 97
-- Function: dispatch
-- Class: Zend_Controller_Front

#12
-- File: D:\JOB\AppServ\www\Zend\library\Zend\Application.php
-- Line: 366
-- Function: run
-- Class: Zend_Application_Bootstrap_Bootstrap

#13
-- File: D:\JOB\AppServ\www\Zend\index.php
-- Line: 100
-- Function: run
-- Class: Zend_Application



WDS CMS - 2011-10-13T22:40:38+07:00
DEBUG [7]: Zend_Db_Statement_Mysqli_Exception (1048) 
Message: Mysqli statement execute error : Column 'status' cannot be null
Stack trace: 14
#0
-- File: D:\JOB\AppServ\www\Zend\library\Zend\Db\Statement.php
-- Line: 300
-- Function: _execute
-- Class: Zend_Db_Statement_Mysqli

#1
-- File: D:\JOB\AppServ\www\Zend\library\Zend\Db\Adapter\Abstract.php
-- Line: 479
-- Function: execute
-- Class: Zend_Db_Statement

#2
-- File: D:\JOB\AppServ\www\Zend\library\Zend\Db\Adapter\Abstract.php
-- Line: 575
-- Function: query
-- Class: Zend_Db_Adapter_Abstract

#3
-- File: D:\JOB\AppServ\www\Zend\library\Zend\Db\Table\Abstract.php
-- Line: 1075
-- Function: insert
-- Class: Zend_Db_Adapter_Abstract

#4
-- File: D:\JOB\AppServ\www\Zend\library\Zend\Db\Table\Row\Abstract.php
-- Line: 467
-- Function: insert
-- Class: Zend_Db_Table_Abstract

#5
-- File: D:\JOB\AppServ\www\Zend\library\Zend\Db\Table\Row\Abstract.php
-- Line: 438
-- Function: _doInsert
-- Class: Zend_Db_Table_Row_Abstract

#6
-- File: D:\JOB\AppServ\www\Zend\application\modules\admin\models\User.php
-- Line: 92
-- Function: save
-- Class: Zend_Db_Table_Row_Abstract

#7
-- File: D:\JOB\AppServ\www\Zend\application\modules\admin\controllers\UserController.php
-- Line: 130
-- Function: saveItem
-- Class: Admin_Model_User

#8
-- File: D:\JOB\AppServ\www\Zend\library\Zend\Controller\Action.php
-- Line: 516
-- Function: addAction
-- Class: Admin_UserController

#9
-- File: D:\JOB\AppServ\www\Zend\library\Zend\Controller\Dispatcher\Standard.php
-- Line: 295
-- Function: dispatch
-- Class: Zend_Controller_Action

#10
-- File: D:\JOB\AppServ\www\Zend\library\Zend\Controller\Front.php
-- Line: 954
-- Function: dispatch
-- Class: Zend_Controller_Dispatcher_Standard

#11
-- File: D:\JOB\AppServ\www\Zend\library\Zend\Application\Bootstrap\Bootstrap.php
-- Line: 97
-- Function: dispatch
-- Class: Zend_Controller_Front

#12
-- File: D:\JOB\AppServ\www\Zend\library\Zend\Application.php
-- Line: 366
-- Function: run
-- Class: Zend_Application_Bootstrap_Bootstrap

#13
-- File: D:\JOB\AppServ\www\Zend\index.php
-- Line: 100
-- Function: run
-- Class: Zend_Application



WDS CMS - 2011-10-13T23:30:04+07:00
DEBUG [7]: Zend_Controller_Router_Exception
Message: Route core_user_check is not defined
Stack trace: 18
#0
-- File: D:\JOB\AppServ\www\Zend\library\Zend\Controller\Router\Rewrite.php
-- Line: 469
-- Function: getRoute
-- Class: Zend_Controller_Router_Rewrite

#1
-- File: D:\JOB\AppServ\www\Zend\library\Zend\View\Helper\Url.php
-- Line: 49
-- Function: assemble
-- Class: Zend_Controller_Router_Rewrite

#2
-- File: 
-- Line: 
-- Function: url
-- Class: Zend_View_Helper_Url

#3
-- File: D:\JOB\AppServ\www\Zend\library\Zend\View\Abstract.php
-- Line: 350
-- Function: call_user_func_array
-- Class: 

#4
-- File: 
-- Line: 
-- Function: __call
-- Class: Zend_View_Abstract

#5
-- File: D:\JOB\AppServ\www\Zend\application\modules\admin\views\scripts\user\add.phtml
-- Line: 103
-- Function: url
-- Class: Zend_View

#6
-- File: D:\JOB\AppServ\www\Zend\library\Zend\View.php
-- Line: 108
-- Function: include
-- Class: 

#7
-- File: D:\JOB\AppServ\www\Zend\library\Zend\View\Abstract.php
-- Line: 888
-- Function: _run
-- Class: Zend_View

#8
-- File: D:\JOB\AppServ\www\Zend\library\Zend\Controller\Action\Helper\ViewRenderer.php
-- Line: 900
-- Function: render
-- Class: Zend_View_Abstract

#9
-- File: D:\JOB\AppServ\www\Zend\library\Zend\Controller\Action\Helper\ViewRenderer.php
-- Line: 921
-- Function: renderScript
-- Class: Zend_Controller_Action_Helper_ViewRenderer

#10
-- File: D:\JOB\AppServ\www\Zend\library\Zend\Controller\Action\Helper\ViewRenderer.php
-- Line: 960
-- Function: render
-- Class: Zend_Controller_Action_Helper_ViewRenderer

#11
-- File: D:\JOB\AppServ\www\Zend\library\Zend\Controller\Action\HelperBroker.php
-- Line: 277
-- Function: postDispatch
-- Class: Zend_Controller_Action_Helper_ViewRenderer

#12
-- File: D:\JOB\AppServ\www\Zend\library\Zend\Controller\Action.php
-- Line: 527
-- Function: notifyPostDispatch
-- Class: Zend_Controller_Action_HelperBroker

#13
-- File: D:\JOB\AppServ\www\Zend\library\Zend\Controller\Dispatcher\Standard.php
-- Line: 295
-- Function: dispatch
-- Class: Zend_Controller_Action

#14
-- File: D:\JOB\AppServ\www\Zend\library\Zend\Controller\Front.php
-- Line: 954
-- Function: dispatch
-- Class: Zend_Controller_Dispatcher_Standard

#15
-- File: D:\JOB\AppServ\www\Zend\library\Zend\Application\Bootstrap\Bootstrap.php
-- Line: 97
-- Function: dispatch
-- Class: Zend_Controller_Front

#16
-- File: D:\JOB\AppServ\www\Zend\library\Zend\Application.php
-- Line: 366
-- Function: run
-- Class: Zend_Application_Bootstrap_Bootstrap

#17
-- File: D:\JOB\AppServ\www\Zend\index.php
-- Line: 100
-- Function: run
-- Class: Zend_Application



WDS CMS - 2011-10-13T23:40:54+07:00
DEBUG [7]: Zend_Controller_Action_Exception (500) 
Message: Method "_request" does not exist and was not trapped in __call()
Stack trace: 8
#0
-- File: 
-- Line: 
-- Function: __call
-- Class: Zend_Controller_Action

#1
-- File: D:\JOB\AppServ\www\Zend\application\modules\admin\controllers\UserController.php
-- Line: 202
-- Function: _request
-- Class: Admin_UserController

#2
-- File: D:\JOB\AppServ\www\Zend\library\Zend\Controller\Action.php
-- Line: 516
-- Function: checkAction
-- Class: Admin_UserController

#3
-- File: D:\JOB\AppServ\www\Zend\library\Zend\Controller\Dispatcher\Standard.php
-- Line: 295
-- Function: dispatch
-- Class: Zend_Controller_Action

#4
-- File: D:\JOB\AppServ\www\Zend\library\Zend\Controller\Front.php
-- Line: 954
-- Function: dispatch
-- Class: Zend_Controller_Dispatcher_Standard

#5
-- File: D:\JOB\AppServ\www\Zend\library\Zend\Application\Bootstrap\Bootstrap.php
-- Line: 97
-- Function: dispatch
-- Class: Zend_Controller_Front

#6
-- File: D:\JOB\AppServ\www\Zend\library\Zend\Application.php
-- Line: 366
-- Function: run
-- Class: Zend_Application_Bootstrap_Bootstrap

#7
-- File: D:\JOB\AppServ\www\Zend\index.php
-- Line: 100
-- Function: run
-- Class: Zend_Application



WDS CMS - 2011-10-13T23:41:00+07:00
DEBUG [7]: Zend_Controller_Action_Exception (500) 
Message: Method "_request" does not exist and was not trapped in __call()
Stack trace: 8
#0
-- File: 
-- Line: 
-- Function: __call
-- Class: Zend_Controller_Action

#1
-- File: D:\JOB\AppServ\www\Zend\application\modules\admin\controllers\UserController.php
-- Line: 202
-- Function: _request
-- Class: Admin_UserController

#2
-- File: D:\JOB\AppServ\www\Zend\library\Zend\Controller\Action.php
-- Line: 516
-- Function: checkAction
-- Class: Admin_UserController

#3
-- File: D:\JOB\AppServ\www\Zend\library\Zend\Controller\Dispatcher\Standard.php
-- Line: 295
-- Function: dispatch
-- Class: Zend_Controller_Action

#4
-- File: D:\JOB\AppServ\www\Zend\library\Zend\Controller\Front.php
-- Line: 954
-- Function: dispatch
-- Class: Zend_Controller_Dispatcher_Standard

#5
-- File: D:\JOB\AppServ\www\Zend\library\Zend\Application\Bootstrap\Bootstrap.php
-- Line: 97
-- Function: dispatch
-- Class: Zend_Controller_Front

#6
-- File: D:\JOB\AppServ\www\Zend\library\Zend\Application.php
-- Line: 366
-- Function: run
-- Class: Zend_Application_Bootstrap_Bootstrap

#7
-- File: D:\JOB\AppServ\www\Zend\index.php
-- Line: 100
-- Function: run
-- Class: Zend_Application



WDS CMS - 2011-10-13T23:42:28+07:00
DEBUG [7]: Zend_Controller_Action_Exception (500) 
Message: Method "_request" does not exist and was not trapped in __call()
Stack trace: 8
#0
-- File: 
-- Line: 
-- Function: __call
-- Class: Zend_Controller_Action

#1
-- File: D:\JOB\AppServ\www\Zend\application\modules\admin\controllers\UserController.php
-- Line: 202
-- Function: _request
-- Class: Admin_UserController

#2
-- File: D:\JOB\AppServ\www\Zend\library\Zend\Controller\Action.php
-- Line: 516
-- Function: checkAction
-- Class: Admin_UserController

#3
-- File: D:\JOB\AppServ\www\Zend\library\Zend\Controller\Dispatcher\Standard.php
-- Line: 295
-- Function: dispatch
-- Class: Zend_Controller_Action

#4
-- File: D:\JOB\AppServ\www\Zend\library\Zend\Controller\Front.php
-- Line: 954
-- Function: dispatch
-- Class: Zend_Controller_Dispatcher_Standard

#5
-- File: D:\JOB\AppServ\www\Zend\library\Zend\Application\Bootstrap\Bootstrap.php
-- Line: 97
-- Function: dispatch
-- Class: Zend_Controller_Front

#6
-- File: D:\JOB\AppServ\www\Zend\library\Zend\Application.php
-- Line: 366
-- Function: run
-- Class: Zend_Application_Bootstrap_Bootstrap

#7
-- File: D:\JOB\AppServ\www\Zend\index.php
-- Line: 100
-- Function: run
-- Class: Zend_Application



WDS CMS - 2011-10-13T23:42:36+07:00
DEBUG [7]: Zend_Controller_Action_Exception (500) 
Message: Method "_request" does not exist and was not trapped in __call()
Stack trace: 8
#0
-- File: 
-- Line: 
-- Function: __call
-- Class: Zend_Controller_Action

#1
-- File: D:\JOB\AppServ\www\Zend\application\modules\admin\controllers\UserController.php
-- Line: 202
-- Function: _request
-- Class: Admin_UserController

#2
-- File: D:\JOB\AppServ\www\Zend\library\Zend\Controller\Action.php
-- Line: 516
-- Function: checkAction
-- Class: Admin_UserController

#3
-- File: D:\JOB\AppServ\www\Zend\library\Zend\Controller\Dispatcher\Standard.php
-- Line: 295
-- Function: dispatch
-- Class: Zend_Controller_Action

#4
-- File: D:\JOB\AppServ\www\Zend\library\Zend\Controller\Front.php
-- Line: 954
-- Function: dispatch
-- Class: Zend_Controller_Dispatcher_Standard

#5
-- File: D:\JOB\AppServ\www\Zend\library\Zend\Application\Bootstrap\Bootstrap.php
-- Line: 97
-- Function: dispatch
-- Class: Zend_Controller_Front

#6
-- File: D:\JOB\AppServ\www\Zend\library\Zend\Application.php
-- Line: 366
-- Function: run
-- Class: Zend_Application_Bootstrap_Bootstrap

#7
-- File: D:\JOB\AppServ\www\Zend\index.php
-- Line: 100
-- Function: run
-- Class: Zend_Application



WDS CMS - 2011-10-13T23:45:48+07:00
DEBUG [7]: Zend_Controller_Action_Exception (500) 
Message: Method "_request" does not exist and was not trapped in __call()
Stack trace: 8
#0
-- File: 
-- Line: 
-- Function: __call
-- Class: Zend_Controller_Action

#1
-- File: D:\JOB\AppServ\www\Zend\application\modules\admin\controllers\UserController.php
-- Line: 202
-- Function: _request
-- Class: Admin_UserController

#2
-- File: D:\JOB\AppServ\www\Zend\library\Zend\Controller\Action.php
-- Line: 516
-- Function: checkAction
-- Class: Admin_UserController

#3
-- File: D:\JOB\AppServ\www\Zend\library\Zend\Controller\Dispatcher\Standard.php
-- Line: 295
-- Function: dispatch
-- Class: Zend_Controller_Action

#4
-- File: D:\JOB\AppServ\www\Zend\library\Zend\Controller\Front.php
-- Line: 954
-- Function: dispatch
-- Class: Zend_Controller_Dispatcher_Standard

#5
-- File: D:\JOB\AppServ\www\Zend\library\Zend\Application\Bootstrap\Bootstrap.php
-- Line: 97
-- Function: dispatch
-- Class: Zend_Controller_Front

#6
-- File: D:\JOB\AppServ\www\Zend\library\Zend\Application.php
-- Line: 366
-- Function: run
-- Class: Zend_Application_Bootstrap_Bootstrap

#7
-- File: D:\JOB\AppServ\www\Zend\index.php
-- Line: 100
-- Function: run
-- Class: Zend_Application



WDS CMS - 2011-10-13T23:45:54+07:00
DEBUG [7]: Zend_Controller_Action_Exception (500) 
Message: Method "_request" does not exist and was not trapped in __call()
Stack trace: 8
#0
-- File: 
-- Line: 
-- Function: __call
-- Class: Zend_Controller_Action

#1
-- File: D:\JOB\AppServ\www\Zend\application\modules\admin\controllers\UserController.php
-- Line: 202
-- Function: _request
-- Class: Admin_UserController

#2
-- File: D:\JOB\AppServ\www\Zend\library\Zend\Controller\Action.php
-- Line: 516
-- Function: checkAction
-- Class: Admin_UserController

#3
-- File: D:\JOB\AppServ\www\Zend\library\Zend\Controller\Dispatcher\Standard.php
-- Line: 295
-- Function: dispatch
-- Class: Zend_Controller_Action

#4
-- File: D:\JOB\AppServ\www\Zend\library\Zend\Controller\Front.php
-- Line: 954
-- Function: dispatch
-- Class: Zend_Controller_Dispatcher_Standard

#5
-- File: D:\JOB\AppServ\www\Zend\library\Zend\Application\Bootstrap\Bootstrap.php
-- Line: 97
-- Function: dispatch
-- Class: Zend_Controller_Front

#6
-- File: D:\JOB\AppServ\www\Zend\library\Zend\Application.php
-- Line: 366
-- Function: run
-- Class: Zend_Application_Bootstrap_Bootstrap

#7
-- File: D:\JOB\AppServ\www\Zend\index.php
-- Line: 100
-- Function: run
-- Class: Zend_Application



WDS CMS - 2011-10-13T23:45:58+07:00
DEBUG [7]: Zend_Controller_Action_Exception (500) 
Message: Method "_request" does not exist and was not trapped in __call()
Stack trace: 8
#0
-- File: 
-- Line: 
-- Function: __call
-- Class: Zend_Controller_Action

#1
-- File: D:\JOB\AppServ\www\Zend\application\modules\admin\controllers\UserController.php
-- Line: 202
-- Function: _request
-- Class: Admin_UserController

#2
-- File: D:\JOB\AppServ\www\Zend\library\Zend\Controller\Action.php
-- Line: 516
-- Function: checkAction
-- Class: Admin_UserController

#3
-- File: D:\JOB\AppServ\www\Zend\library\Zend\Controller\Dispatcher\Standard.php
-- Line: 295
-- Function: dispatch
-- Class: Zend_Controller_Action

#4
-- File: D:\JOB\AppServ\www\Zend\library\Zend\Controller\Front.php
-- Line: 954
-- Function: dispatch
-- Class: Zend_Controller_Dispatcher_Standard

#5
-- File: D:\JOB\AppServ\www\Zend\library\Zend\Application\Bootstrap\Bootstrap.php
-- Line: 97
-- Function: dispatch
-- Class: Zend_Controller_Front

#6
-- File: D:\JOB\AppServ\www\Zend\library\Zend\Application.php
-- Line: 366
-- Function: run
-- Class: Zend_Application_Bootstrap_Bootstrap

#7
-- File: D:\JOB\AppServ\www\Zend\index.php
-- Line: 100
-- Function: run
-- Class: Zend_Application



